<?xml version="1.0" encoding="UTF-8"?>
<testsuite name="repository.ProbaRepositoryTest" tests="6" skipped="0" failures="0" errors="0" timestamp="2019-04-24T06:56:42" hostname="Adrian-MSI" time="5.287">
  <properties/>
  <testcase name="delete" classname="repository.ProbaRepositoryTest" time="0.468"/>
  <testcase name="findAll" classname="repository.ProbaRepositoryTest" time="0.774"/>
  <testcase name="findOne" classname="repository.ProbaRepositoryTest" time="0.713"/>
  <testcase name="update" classname="repository.ProbaRepositoryTest" time="1.648"/>
  <testcase name="save" classname="repository.ProbaRepositoryTest" time="0.923"/>
  <testcase name="size" classname="repository.ProbaRepositoryTest" time="0.761"/>
  <system-out><![CDATA[24 Apr 2019 09:56:42,610 INFO  repository.ProbaRepository 24 <init> - Initializing ProbaRepository with properties: {bdConfig.jdbc.url=jdbc:sqlite:D:\Adrian\4. FACULTATE - ANUL II (Sem II)\MPP\Projects\Java\Laborator3(client-server)\ConcursInot(Server)\ConcursInotTest.db, bdConfig.jdbc.driver=org.sqlite.JDBC} 
24 Apr 2019 09:56:42,610 TRACE repository.ProbaRepository 51 save - Enter saving 'proba' Proba{id=1, distanta=dist50m, stil=liber} 
24 Apr 2019 09:56:42,610 TRACE repository.JdbcUtils 57 getConnection - Enter
24 Apr 2019 09:56:42,610 TRACE repository.JdbcUtils 23 getNewConnection - Enter
24 Apr 2019 09:56:42,625 INFO  repository.JdbcUtils 30 getNewConnection - trying to connect to database ... jdbc:sqlite:D:\Adrian\4. FACULTATE - ANUL II (Sem II)\MPP\Projects\Java\Laborator3(client-server)\ConcursInot(Server)\ConcursInotTest.db
24 Apr 2019 09:56:42,625 INFO  repository.JdbcUtils 31 getNewConnection - user: null
24 Apr 2019 09:56:42,625 INFO  repository.JdbcUtils 32 getNewConnection - pass: null
24 Apr 2019 09:56:42,625 INFO  repository.JdbcUtils 38 getNewConnection - Loaded driver ...org.sqlite.JDBC
24 Apr 2019 09:56:42,625 TRACE repository.JdbcUtils 69 getConnection - Exit with(org.sqlite.SQLiteConnection@8b3cc12)
24 Apr 2019 09:56:42,625 ERROR repository.ProbaRepository 63 save - org.sqlite.SQLiteException: [SQLITE_CONSTRAINT_PRIMARYKEY]  A PRIMARY KEY constraint failed (UNIQUE constraint failed: Probe.id)
Error DB org.sqlite.SQLiteException: [SQLITE_CONSTRAINT_PRIMARYKEY]  A PRIMARY KEY constraint failed (UNIQUE constraint failed: Probe.id)
24 Apr 2019 09:56:42,625 TRACE repository.ProbaRepository 67 save - Exit
24 Apr 2019 09:56:42,625 TRACE repository.ProbaRepository 51 save - Enter saving 'proba' Proba{id=2, distanta=dist800m, stil=mixt} 
24 Apr 2019 09:56:42,625 TRACE repository.JdbcUtils 57 getConnection - Enter
24 Apr 2019 09:56:42,625 TRACE repository.JdbcUtils 69 getConnection - Exit with(org.sqlite.SQLiteConnection@8b3cc12)
24 Apr 2019 09:56:42,625 ERROR repository.ProbaRepository 63 save - org.sqlite.SQLiteException: [SQLITE_CONSTRAINT_PRIMARYKEY]  A PRIMARY KEY constraint failed (UNIQUE constraint failed: Probe.id)
Error DB org.sqlite.SQLiteException: [SQLITE_CONSTRAINT_PRIMARYKEY]  A PRIMARY KEY constraint failed (UNIQUE constraint failed: Probe.id)
24 Apr 2019 09:56:42,625 TRACE repository.ProbaRepository 67 save - Exit
24 Apr 2019 09:56:42,625 TRACE repository.ProbaRepository 51 save - Enter saving 'proba' Proba{id=3, distanta=dist1500m, stil=fluture} 
24 Apr 2019 09:56:42,625 TRACE repository.JdbcUtils 57 getConnection - Enter
24 Apr 2019 09:56:42,625 TRACE repository.JdbcUtils 69 getConnection - Exit with(org.sqlite.SQLiteConnection@8b3cc12)
24 Apr 2019 09:56:42,750 TRACE repository.ProbaRepository 67 save - Exit
24 Apr 2019 09:56:42,750 TRACE repository.ProbaRepository 73 delete - Enter deleting 'proba' with 1
24 Apr 2019 09:56:42,750 TRACE repository.JdbcUtils 57 getConnection - Enter
24 Apr 2019 09:56:42,750 TRACE repository.JdbcUtils 69 getConnection - Exit with(org.sqlite.SQLiteConnection@8b3cc12)
24 Apr 2019 09:56:42,859 TRACE repository.ProbaRepository 86 delete - Exit
24 Apr 2019 09:56:42,859 TRACE repository.ProbaRepository 31 size - Enter
24 Apr 2019 09:56:42,859 TRACE repository.JdbcUtils 57 getConnection - Enter
24 Apr 2019 09:56:42,859 TRACE repository.JdbcUtils 69 getConnection - Exit with(org.sqlite.SQLiteConnection@8b3cc12)
24 Apr 2019 09:56:42,859 TRACE repository.ProbaRepository 37 size - Exit with(2)
24 Apr 2019 09:56:42,859 TRACE repository.ProbaRepository 73 delete - Enter deleting 'proba' with 2
24 Apr 2019 09:56:42,859 TRACE repository.JdbcUtils 57 getConnection - Enter
24 Apr 2019 09:56:42,859 TRACE repository.JdbcUtils 69 getConnection - Exit with(org.sqlite.SQLiteConnection@8b3cc12)
24 Apr 2019 09:56:42,953 TRACE repository.ProbaRepository 86 delete - Exit
24 Apr 2019 09:56:42,953 TRACE repository.ProbaRepository 31 size - Enter
24 Apr 2019 09:56:42,953 TRACE repository.JdbcUtils 57 getConnection - Enter
24 Apr 2019 09:56:42,953 TRACE repository.JdbcUtils 69 getConnection - Exit with(org.sqlite.SQLiteConnection@8b3cc12)
24 Apr 2019 09:56:42,953 TRACE repository.ProbaRepository 37 size - Exit with(1)
24 Apr 2019 09:56:42,953 TRACE repository.ProbaRepository 73 delete - Enter deleting 'proba' with 1
24 Apr 2019 09:56:42,953 TRACE repository.JdbcUtils 57 getConnection - Enter
24 Apr 2019 09:56:42,953 TRACE repository.JdbcUtils 69 getConnection - Exit with(org.sqlite.SQLiteConnection@8b3cc12)
24 Apr 2019 09:56:42,953 TRACE repository.ProbaRepository 86 delete - Exit
24 Apr 2019 09:56:42,953 TRACE repository.ProbaRepository 73 delete - Enter deleting 'proba' with 2
24 Apr 2019 09:56:42,953 TRACE repository.JdbcUtils 57 getConnection - Enter
24 Apr 2019 09:56:42,953 TRACE repository.JdbcUtils 69 getConnection - Exit with(org.sqlite.SQLiteConnection@8b3cc12)
24 Apr 2019 09:56:42,953 TRACE repository.ProbaRepository 86 delete - Exit
24 Apr 2019 09:56:42,953 TRACE repository.ProbaRepository 73 delete - Enter deleting 'proba' with 3
24 Apr 2019 09:56:42,953 TRACE repository.JdbcUtils 57 getConnection - Enter
24 Apr 2019 09:56:42,953 TRACE repository.JdbcUtils 69 getConnection - Exit with(org.sqlite.SQLiteConnection@8b3cc12)
24 Apr 2019 09:56:43,078 TRACE repository.ProbaRepository 86 delete - Exit
24 Apr 2019 09:56:43,078 INFO  repository.ProbaRepository 24 <init> - Initializing ProbaRepository with properties: {bdConfig.jdbc.url=jdbc:sqlite:D:\Adrian\4. FACULTATE - ANUL II (Sem II)\MPP\Projects\Java\Laborator3(client-server)\ConcursInot(Server)\ConcursInotTest.db, bdConfig.jdbc.driver=org.sqlite.JDBC} 
24 Apr 2019 09:56:43,078 TRACE repository.ProbaRepository 51 save - Enter saving 'proba' Proba{id=1, distanta=dist50m, stil=liber} 
24 Apr 2019 09:56:43,078 TRACE repository.JdbcUtils 57 getConnection - Enter
24 Apr 2019 09:56:43,078 TRACE repository.JdbcUtils 23 getNewConnection - Enter
24 Apr 2019 09:56:43,078 INFO  repository.JdbcUtils 30 getNewConnection - trying to connect to database ... jdbc:sqlite:D:\Adrian\4. FACULTATE - ANUL II (Sem II)\MPP\Projects\Java\Laborator3(client-server)\ConcursInot(Server)\ConcursInotTest.db
24 Apr 2019 09:56:43,078 INFO  repository.JdbcUtils 31 getNewConnection - user: null
24 Apr 2019 09:56:43,094 INFO  repository.JdbcUtils 32 getNewConnection - pass: null
24 Apr 2019 09:56:43,094 INFO  repository.JdbcUtils 38 getNewConnection - Loaded driver ...org.sqlite.JDBC
24 Apr 2019 09:56:43,094 TRACE repository.JdbcUtils 69 getConnection - Exit with(org.sqlite.SQLiteConnection@7be3f5da)
24 Apr 2019 09:56:43,219 TRACE repository.ProbaRepository 67 save - Exit
24 Apr 2019 09:56:43,219 TRACE repository.ProbaRepository 51 save - Enter saving 'proba' Proba{id=2, distanta=dist800m, stil=mixt} 
24 Apr 2019 09:56:43,219 TRACE repository.JdbcUtils 57 getConnection - Enter
24 Apr 2019 09:56:43,219 TRACE repository.JdbcUtils 69 getConnection - Exit with(org.sqlite.SQLiteConnection@7be3f5da)
24 Apr 2019 09:56:43,328 TRACE repository.ProbaRepository 67 save - Exit
24 Apr 2019 09:56:43,328 TRACE repository.ProbaRepository 51 save - Enter saving 'proba' Proba{id=3, distanta=dist1500m, stil=fluture} 
24 Apr 2019 09:56:43,328 TRACE repository.JdbcUtils 57 getConnection - Enter
24 Apr 2019 09:56:43,328 TRACE repository.JdbcUtils 69 getConnection - Exit with(org.sqlite.SQLiteConnection@7be3f5da)
24 Apr 2019 09:56:43,466 TRACE repository.ProbaRepository 67 save - Exit
24 Apr 2019 09:56:43,466 TRACE repository.ProbaRepository 141 findAll - Enter
24 Apr 2019 09:56:43,466 TRACE repository.JdbcUtils 57 getConnection - Enter
24 Apr 2019 09:56:43,466 TRACE repository.JdbcUtils 69 getConnection - Exit with(org.sqlite.SQLiteConnection@7be3f5da)
24 Apr 2019 09:56:43,466 TRACE repository.ProbaRepository 159 findAll - Exit with([Proba{id=1, distanta=dist50m, stil=liber}, Proba{id=2, distanta=dist800m, stil=mixt}, Proba{id=3, distanta=dist1500m, stil=fluture}])
24 Apr 2019 09:56:43,466 TRACE repository.ProbaRepository 73 delete - Enter deleting 'proba' with 1
24 Apr 2019 09:56:43,466 TRACE repository.JdbcUtils 57 getConnection - Enter
24 Apr 2019 09:56:43,466 TRACE repository.JdbcUtils 69 getConnection - Exit with(org.sqlite.SQLiteConnection@7be3f5da)
24 Apr 2019 09:56:43,577 TRACE repository.ProbaRepository 86 delete - Exit
24 Apr 2019 09:56:43,577 TRACE repository.ProbaRepository 73 delete - Enter deleting 'proba' with 2
24 Apr 2019 09:56:43,577 TRACE repository.JdbcUtils 57 getConnection - Enter
24 Apr 2019 09:56:43,577 TRACE repository.JdbcUtils 69 getConnection - Exit with(org.sqlite.SQLiteConnection@7be3f5da)
24 Apr 2019 09:56:43,717 TRACE repository.ProbaRepository 86 delete - Exit
24 Apr 2019 09:56:43,733 TRACE repository.ProbaRepository 73 delete - Enter deleting 'proba' with 3
24 Apr 2019 09:56:43,733 TRACE repository.JdbcUtils 57 getConnection - Enter
24 Apr 2019 09:56:43,733 TRACE repository.JdbcUtils 69 getConnection - Exit with(org.sqlite.SQLiteConnection@7be3f5da)
24 Apr 2019 09:56:43,853 TRACE repository.ProbaRepository 86 delete - Exit
24 Apr 2019 09:56:43,853 INFO  repository.ProbaRepository 24 <init> - Initializing ProbaRepository with properties: {bdConfig.jdbc.url=jdbc:sqlite:D:\Adrian\4. FACULTATE - ANUL II (Sem II)\MPP\Projects\Java\Laborator3(client-server)\ConcursInot(Server)\ConcursInotTest.db, bdConfig.jdbc.driver=org.sqlite.JDBC} 
24 Apr 2019 09:56:43,853 TRACE repository.ProbaRepository 51 save - Enter saving 'proba' Proba{id=1, distanta=dist50m, stil=liber} 
24 Apr 2019 09:56:43,853 TRACE repository.JdbcUtils 57 getConnection - Enter
24 Apr 2019 09:56:43,853 TRACE repository.JdbcUtils 23 getNewConnection - Enter
24 Apr 2019 09:56:43,853 INFO  repository.JdbcUtils 30 getNewConnection - trying to connect to database ... jdbc:sqlite:D:\Adrian\4. FACULTATE - ANUL II (Sem II)\MPP\Projects\Java\Laborator3(client-server)\ConcursInot(Server)\ConcursInotTest.db
24 Apr 2019 09:56:43,853 INFO  repository.JdbcUtils 31 getNewConnection - user: null
24 Apr 2019 09:56:43,853 INFO  repository.JdbcUtils 32 getNewConnection - pass: null
24 Apr 2019 09:56:43,869 INFO  repository.JdbcUtils 38 getNewConnection - Loaded driver ...org.sqlite.JDBC
24 Apr 2019 09:56:43,869 TRACE repository.JdbcUtils 69 getConnection - Exit with(org.sqlite.SQLiteConnection@b957430)
24 Apr 2019 09:56:43,978 TRACE repository.ProbaRepository 67 save - Exit
24 Apr 2019 09:56:43,978 TRACE repository.ProbaRepository 51 save - Enter saving 'proba' Proba{id=2, distanta=dist800m, stil=mixt} 
24 Apr 2019 09:56:43,978 TRACE repository.JdbcUtils 57 getConnection - Enter
24 Apr 2019 09:56:43,978 TRACE repository.JdbcUtils 69 getConnection - Exit with(org.sqlite.SQLiteConnection@b957430)
24 Apr 2019 09:56:44,073 TRACE repository.ProbaRepository 67 save - Exit
24 Apr 2019 09:56:44,073 TRACE repository.ProbaRepository 51 save - Enter saving 'proba' Proba{id=3, distanta=dist1500m, stil=fluture} 
24 Apr 2019 09:56:44,073 TRACE repository.JdbcUtils 57 getConnection - Enter
24 Apr 2019 09:56:44,073 TRACE repository.JdbcUtils 69 getConnection - Exit with(org.sqlite.SQLiteConnection@b957430)
24 Apr 2019 09:56:44,182 TRACE repository.ProbaRepository 67 save - Exit
24 Apr 2019 09:56:44,182 TRACE repository.ProbaRepository 115 findOne - Enter finding 'proba' with id 1 
24 Apr 2019 09:56:44,182 TRACE repository.JdbcUtils 57 getConnection - Enter
24 Apr 2019 09:56:44,182 TRACE repository.JdbcUtils 69 getConnection - Exit with(org.sqlite.SQLiteConnection@b957430)
24 Apr 2019 09:56:44,182 TRACE repository.ProbaRepository 125 findOne - Exit with(Proba{id=1, distanta=dist50m, stil=liber})
24 Apr 2019 09:56:44,182 TRACE repository.ProbaRepository 73 delete - Enter deleting 'proba' with 1
24 Apr 2019 09:56:44,182 TRACE repository.JdbcUtils 57 getConnection - Enter
24 Apr 2019 09:56:44,182 TRACE repository.JdbcUtils 69 getConnection - Exit with(org.sqlite.SQLiteConnection@b957430)
24 Apr 2019 09:56:44,307 TRACE repository.ProbaRepository 86 delete - Exit
24 Apr 2019 09:56:44,307 TRACE repository.ProbaRepository 73 delete - Enter deleting 'proba' with 2
24 Apr 2019 09:56:44,307 TRACE repository.JdbcUtils 57 getConnection - Enter
24 Apr 2019 09:56:44,307 TRACE repository.JdbcUtils 69 getConnection - Exit with(org.sqlite.SQLiteConnection@b957430)
24 Apr 2019 09:56:44,464 TRACE repository.ProbaRepository 86 delete - Exit
24 Apr 2019 09:56:44,464 TRACE repository.ProbaRepository 73 delete - Enter deleting 'proba' with 3
24 Apr 2019 09:56:44,464 TRACE repository.JdbcUtils 57 getConnection - Enter
24 Apr 2019 09:56:44,464 TRACE repository.JdbcUtils 69 getConnection - Exit with(org.sqlite.SQLiteConnection@b957430)
24 Apr 2019 09:56:44,573 TRACE repository.ProbaRepository 86 delete - Exit
24 Apr 2019 09:56:44,573 INFO  repository.ProbaRepository 24 <init> - Initializing ProbaRepository with properties: {bdConfig.jdbc.url=jdbc:sqlite:D:\Adrian\4. FACULTATE - ANUL II (Sem II)\MPP\Projects\Java\Laborator3(client-server)\ConcursInot(Server)\ConcursInotTest.db, bdConfig.jdbc.driver=org.sqlite.JDBC} 
24 Apr 2019 09:56:44,573 TRACE repository.ProbaRepository 51 save - Enter saving 'proba' Proba{id=1, distanta=dist50m, stil=liber} 
24 Apr 2019 09:56:44,573 TRACE repository.JdbcUtils 57 getConnection - Enter
24 Apr 2019 09:56:44,573 TRACE repository.JdbcUtils 23 getNewConnection - Enter
24 Apr 2019 09:56:44,573 INFO  repository.JdbcUtils 30 getNewConnection - trying to connect to database ... jdbc:sqlite:D:\Adrian\4. FACULTATE - ANUL II (Sem II)\MPP\Projects\Java\Laborator3(client-server)\ConcursInot(Server)\ConcursInotTest.db
24 Apr 2019 09:56:44,573 INFO  repository.JdbcUtils 31 getNewConnection - user: null
24 Apr 2019 09:56:44,573 INFO  repository.JdbcUtils 32 getNewConnection - pass: null
24 Apr 2019 09:56:44,573 INFO  repository.JdbcUtils 38 getNewConnection - Loaded driver ...org.sqlite.JDBC
24 Apr 2019 09:56:44,589 TRACE repository.JdbcUtils 69 getConnection - Exit with(org.sqlite.SQLiteConnection@31921421)
24 Apr 2019 09:56:44,963 TRACE repository.ProbaRepository 67 save - Exit
24 Apr 2019 09:56:44,963 TRACE repository.ProbaRepository 51 save - Enter saving 'proba' Proba{id=2, distanta=dist800m, stil=mixt} 
24 Apr 2019 09:56:44,963 TRACE repository.JdbcUtils 57 getConnection - Enter
24 Apr 2019 09:56:44,963 TRACE repository.JdbcUtils 69 getConnection - Exit with(org.sqlite.SQLiteConnection@31921421)
24 Apr 2019 09:56:45,666 TRACE repository.ProbaRepository 67 save - Exit
24 Apr 2019 09:56:45,666 TRACE repository.ProbaRepository 51 save - Enter saving 'proba' Proba{id=3, distanta=dist1500m, stil=fluture} 
24 Apr 2019 09:56:45,666 TRACE repository.JdbcUtils 57 getConnection - Enter
24 Apr 2019 09:56:45,666 TRACE repository.JdbcUtils 69 getConnection - Exit with(org.sqlite.SQLiteConnection@31921421)
24 Apr 2019 09:56:45,776 TRACE repository.ProbaRepository 67 save - Exit
24 Apr 2019 09:56:45,776 TRACE repository.ProbaRepository 92 update - Enter updating 'proba' with 1
24 Apr 2019 09:56:45,776 TRACE repository.JdbcUtils 57 getConnection - Enter
24 Apr 2019 09:56:45,776 TRACE repository.JdbcUtils 69 getConnection - Exit with(org.sqlite.SQLiteConnection@31921421)
24 Apr 2019 09:56:45,885 TRACE repository.ProbaRepository 110 update - Exit
24 Apr 2019 09:56:45,885 TRACE repository.ProbaRepository 73 delete - Enter deleting 'proba' with 57
24 Apr 2019 09:56:45,885 TRACE repository.JdbcUtils 57 getConnection - Enter
24 Apr 2019 09:56:45,885 TRACE repository.JdbcUtils 69 getConnection - Exit with(org.sqlite.SQLiteConnection@31921421)
24 Apr 2019 09:56:45,994 TRACE repository.ProbaRepository 86 delete - Exit
24 Apr 2019 09:56:45,994 TRACE repository.ProbaRepository 31 size - Enter
24 Apr 2019 09:56:45,994 TRACE repository.JdbcUtils 57 getConnection - Enter
24 Apr 2019 09:56:45,994 TRACE repository.JdbcUtils 69 getConnection - Exit with(org.sqlite.SQLiteConnection@31921421)
24 Apr 2019 09:56:45,994 TRACE repository.ProbaRepository 37 size - Exit with(2)
24 Apr 2019 09:56:45,994 TRACE repository.ProbaRepository 73 delete - Enter deleting 'proba' with 1
24 Apr 2019 09:56:45,994 TRACE repository.JdbcUtils 57 getConnection - Enter
24 Apr 2019 09:56:45,994 TRACE repository.JdbcUtils 69 getConnection - Exit with(org.sqlite.SQLiteConnection@31921421)
24 Apr 2019 09:56:45,994 TRACE repository.ProbaRepository 86 delete - Exit
24 Apr 2019 09:56:45,994 TRACE repository.ProbaRepository 73 delete - Enter deleting 'proba' with 2
24 Apr 2019 09:56:45,994 TRACE repository.JdbcUtils 57 getConnection - Enter
24 Apr 2019 09:56:45,994 TRACE repository.JdbcUtils 69 getConnection - Exit with(org.sqlite.SQLiteConnection@31921421)
24 Apr 2019 09:56:46,104 TRACE repository.ProbaRepository 86 delete - Exit
24 Apr 2019 09:56:46,104 TRACE repository.ProbaRepository 73 delete - Enter deleting 'proba' with 3
24 Apr 2019 09:56:46,104 TRACE repository.JdbcUtils 57 getConnection - Enter
24 Apr 2019 09:56:46,104 TRACE repository.JdbcUtils 69 getConnection - Exit with(org.sqlite.SQLiteConnection@31921421)
24 Apr 2019 09:56:46,213 TRACE repository.ProbaRepository 86 delete - Exit
24 Apr 2019 09:56:46,213 INFO  repository.ProbaRepository 24 <init> - Initializing ProbaRepository with properties: {bdConfig.jdbc.url=jdbc:sqlite:D:\Adrian\4. FACULTATE - ANUL II (Sem II)\MPP\Projects\Java\Laborator3(client-server)\ConcursInot(Server)\ConcursInotTest.db, bdConfig.jdbc.driver=org.sqlite.JDBC} 
24 Apr 2019 09:56:46,229 TRACE repository.ProbaRepository 51 save - Enter saving 'proba' Proba{id=1, distanta=dist50m, stil=liber} 
24 Apr 2019 09:56:46,229 TRACE repository.JdbcUtils 57 getConnection - Enter
24 Apr 2019 09:56:46,229 TRACE repository.JdbcUtils 23 getNewConnection - Enter
24 Apr 2019 09:56:46,229 INFO  repository.JdbcUtils 30 getNewConnection - trying to connect to database ... jdbc:sqlite:D:\Adrian\4. FACULTATE - ANUL II (Sem II)\MPP\Projects\Java\Laborator3(client-server)\ConcursInot(Server)\ConcursInotTest.db
24 Apr 2019 09:56:46,229 INFO  repository.JdbcUtils 31 getNewConnection - user: null
24 Apr 2019 09:56:46,229 INFO  repository.JdbcUtils 32 getNewConnection - pass: null
24 Apr 2019 09:56:46,229 INFO  repository.JdbcUtils 38 getNewConnection - Loaded driver ...org.sqlite.JDBC
24 Apr 2019 09:56:46,229 TRACE repository.JdbcUtils 69 getConnection - Exit with(org.sqlite.SQLiteConnection@1ebc217b)
24 Apr 2019 09:56:46,354 TRACE repository.ProbaRepository 67 save - Exit
24 Apr 2019 09:56:46,355 TRACE repository.ProbaRepository 51 save - Enter saving 'proba' Proba{id=2, distanta=dist800m, stil=mixt} 
24 Apr 2019 09:56:46,355 TRACE repository.JdbcUtils 57 getConnection - Enter
24 Apr 2019 09:56:46,355 TRACE repository.JdbcUtils 69 getConnection - Exit with(org.sqlite.SQLiteConnection@1ebc217b)
24 Apr 2019 09:56:46,471 TRACE repository.ProbaRepository 67 save - Exit
24 Apr 2019 09:56:46,471 TRACE repository.ProbaRepository 51 save - Enter saving 'proba' Proba{id=3, distanta=dist1500m, stil=fluture} 
24 Apr 2019 09:56:46,471 TRACE repository.JdbcUtils 57 getConnection - Enter
24 Apr 2019 09:56:46,471 TRACE repository.JdbcUtils 69 getConnection - Exit with(org.sqlite.SQLiteConnection@1ebc217b)
24 Apr 2019 09:56:46,595 TRACE repository.ProbaRepository 67 save - Exit
24 Apr 2019 09:56:46,595 TRACE repository.ProbaRepository 51 save - Enter saving 'proba' Proba{id=4, distanta=dist50m, stil=mixt} 
24 Apr 2019 09:56:46,595 TRACE repository.JdbcUtils 57 getConnection - Enter
24 Apr 2019 09:56:46,595 TRACE repository.JdbcUtils 69 getConnection - Exit with(org.sqlite.SQLiteConnection@1ebc217b)
24 Apr 2019 09:56:46,704 TRACE repository.ProbaRepository 67 save - Exit
24 Apr 2019 09:56:46,704 TRACE repository.ProbaRepository 31 size - Enter
24 Apr 2019 09:56:46,704 TRACE repository.JdbcUtils 57 getConnection - Enter
24 Apr 2019 09:56:46,704 TRACE repository.JdbcUtils 69 getConnection - Exit with(org.sqlite.SQLiteConnection@1ebc217b)
24 Apr 2019 09:56:46,704 TRACE repository.ProbaRepository 37 size - Exit with(4)
24 Apr 2019 09:56:46,704 TRACE repository.ProbaRepository 73 delete - Enter deleting 'proba' with 4
24 Apr 2019 09:56:46,704 TRACE repository.JdbcUtils 57 getConnection - Enter
24 Apr 2019 09:56:46,704 TRACE repository.JdbcUtils 69 getConnection - Exit with(org.sqlite.SQLiteConnection@1ebc217b)
24 Apr 2019 09:56:46,798 TRACE repository.ProbaRepository 86 delete - Exit
24 Apr 2019 09:56:46,798 TRACE repository.ProbaRepository 31 size - Enter
24 Apr 2019 09:56:46,798 TRACE repository.JdbcUtils 57 getConnection - Enter
24 Apr 2019 09:56:46,798 TRACE repository.JdbcUtils 69 getConnection - Exit with(org.sqlite.SQLiteConnection@1ebc217b)
24 Apr 2019 09:56:46,798 TRACE repository.ProbaRepository 37 size - Exit with(3)
24 Apr 2019 09:56:46,798 TRACE repository.ProbaRepository 73 delete - Enter deleting 'proba' with 1
24 Apr 2019 09:56:46,798 TRACE repository.JdbcUtils 57 getConnection - Enter
24 Apr 2019 09:56:46,798 TRACE repository.JdbcUtils 69 getConnection - Exit with(org.sqlite.SQLiteConnection@1ebc217b)
24 Apr 2019 09:56:46,907 TRACE repository.ProbaRepository 86 delete - Exit
24 Apr 2019 09:56:46,907 TRACE repository.ProbaRepository 73 delete - Enter deleting 'proba' with 2
24 Apr 2019 09:56:46,907 TRACE repository.JdbcUtils 57 getConnection - Enter
24 Apr 2019 09:56:46,907 TRACE repository.JdbcUtils 69 getConnection - Exit with(org.sqlite.SQLiteConnection@1ebc217b)
24 Apr 2019 09:56:47,017 TRACE repository.ProbaRepository 86 delete - Exit
24 Apr 2019 09:56:47,017 TRACE repository.ProbaRepository 73 delete - Enter deleting 'proba' with 3
24 Apr 2019 09:56:47,017 TRACE repository.JdbcUtils 57 getConnection - Enter
24 Apr 2019 09:56:47,017 TRACE repository.JdbcUtils 69 getConnection - Exit with(org.sqlite.SQLiteConnection@1ebc217b)
24 Apr 2019 09:56:47,142 TRACE repository.ProbaRepository 86 delete - Exit
24 Apr 2019 09:56:47,142 INFO  repository.ProbaRepository 24 <init> - Initializing ProbaRepository with properties: {bdConfig.jdbc.url=jdbc:sqlite:D:\Adrian\4. FACULTATE - ANUL II (Sem II)\MPP\Projects\Java\Laborator3(client-server)\ConcursInot(Server)\ConcursInotTest.db, bdConfig.jdbc.driver=org.sqlite.JDBC} 
24 Apr 2019 09:56:47,142 TRACE repository.ProbaRepository 51 save - Enter saving 'proba' Proba{id=1, distanta=dist50m, stil=liber} 
24 Apr 2019 09:56:47,142 TRACE repository.JdbcUtils 57 getConnection - Enter
24 Apr 2019 09:56:47,142 TRACE repository.JdbcUtils 23 getNewConnection - Enter
24 Apr 2019 09:56:47,142 INFO  repository.JdbcUtils 30 getNewConnection - trying to connect to database ... jdbc:sqlite:D:\Adrian\4. FACULTATE - ANUL II (Sem II)\MPP\Projects\Java\Laborator3(client-server)\ConcursInot(Server)\ConcursInotTest.db
24 Apr 2019 09:56:47,142 INFO  repository.JdbcUtils 31 getNewConnection - user: null
24 Apr 2019 09:56:47,142 INFO  repository.JdbcUtils 32 getNewConnection - pass: null
24 Apr 2019 09:56:47,142 INFO  repository.JdbcUtils 38 getNewConnection - Loaded driver ...org.sqlite.JDBC
24 Apr 2019 09:56:47,169 TRACE repository.JdbcUtils 69 getConnection - Exit with(org.sqlite.SQLiteConnection@33cee907)
24 Apr 2019 09:56:47,295 TRACE repository.ProbaRepository 67 save - Exit
24 Apr 2019 09:56:47,310 TRACE repository.ProbaRepository 51 save - Enter saving 'proba' Proba{id=2, distanta=dist800m, stil=mixt} 
24 Apr 2019 09:56:47,310 TRACE repository.JdbcUtils 57 getConnection - Enter
24 Apr 2019 09:56:47,310 TRACE repository.JdbcUtils 69 getConnection - Exit with(org.sqlite.SQLiteConnection@33cee907)
24 Apr 2019 09:56:47,405 TRACE repository.ProbaRepository 67 save - Exit
24 Apr 2019 09:56:47,405 TRACE repository.ProbaRepository 51 save - Enter saving 'proba' Proba{id=3, distanta=dist1500m, stil=fluture} 
24 Apr 2019 09:56:47,405 TRACE repository.JdbcUtils 57 getConnection - Enter
24 Apr 2019 09:56:47,405 TRACE repository.JdbcUtils 69 getConnection - Exit with(org.sqlite.SQLiteConnection@33cee907)
24 Apr 2019 09:56:47,530 TRACE repository.ProbaRepository 67 save - Exit
24 Apr 2019 09:56:47,530 TRACE repository.ProbaRepository 31 size - Enter
24 Apr 2019 09:56:47,530 TRACE repository.JdbcUtils 57 getConnection - Enter
24 Apr 2019 09:56:47,530 TRACE repository.JdbcUtils 69 getConnection - Exit with(org.sqlite.SQLiteConnection@33cee907)
24 Apr 2019 09:56:47,530 TRACE repository.ProbaRepository 37 size - Exit with(3)
24 Apr 2019 09:56:47,530 TRACE repository.ProbaRepository 73 delete - Enter deleting 'proba' with 1
24 Apr 2019 09:56:47,530 TRACE repository.JdbcUtils 57 getConnection - Enter
24 Apr 2019 09:56:47,530 TRACE repository.JdbcUtils 69 getConnection - Exit with(org.sqlite.SQLiteConnection@33cee907)
24 Apr 2019 09:56:47,640 TRACE repository.ProbaRepository 86 delete - Exit
24 Apr 2019 09:56:47,640 TRACE repository.ProbaRepository 73 delete - Enter deleting 'proba' with 2
24 Apr 2019 09:56:47,640 TRACE repository.JdbcUtils 57 getConnection - Enter
24 Apr 2019 09:56:47,640 TRACE repository.JdbcUtils 69 getConnection - Exit with(org.sqlite.SQLiteConnection@33cee907)
24 Apr 2019 09:56:47,765 TRACE repository.ProbaRepository 86 delete - Exit
24 Apr 2019 09:56:47,765 TRACE repository.ProbaRepository 73 delete - Enter deleting 'proba' with 3
24 Apr 2019 09:56:47,765 TRACE repository.JdbcUtils 57 getConnection - Enter
24 Apr 2019 09:56:47,765 TRACE repository.JdbcUtils 69 getConnection - Exit with(org.sqlite.SQLiteConnection@33cee907)
24 Apr 2019 09:56:47,905 TRACE repository.ProbaRepository 86 delete - Exit
]]></system-out>
  <system-err><![CDATA[]]></system-err>
</testsuite>
