<?xml version="1.0" encoding="UTF-8"?>
<testsuite name="repository.ParticipantRepositoryTest" tests="6" skipped="0" failures="0" errors="0" timestamp="2019-04-24T06:56:35" hostname="Adrian-MSI" time="3.192">
  <properties/>
  <testcase name="delete" classname="repository.ParticipantRepositoryTest" time="0.27"/>
  <testcase name="findAll" classname="repository.ParticipantRepositoryTest" time="0.498"/>
  <testcase name="findOne" classname="repository.ParticipantRepositoryTest" time="0.487"/>
  <testcase name="update" classname="repository.ParticipantRepositoryTest" time="0.633"/>
  <testcase name="save" classname="repository.ParticipantRepositoryTest" time="0.754"/>
  <testcase name="size" classname="repository.ParticipantRepositoryTest" time="0.548"/>
  <system-out><![CDATA[24 Apr 2019 09:56:35,198 INFO  repository.ParticipantRepository 20 <init> - Initializing ParticipantRepository with properties: {bdConfig.jdbc.url=jdbc:sqlite:D:\Adrian\4. FACULTATE - ANUL II (Sem II)\MPP\Projects\Java\Laborator3(client-server)\ConcursInot(Server)\ConcursInotTest.db, bdConfig.jdbc.driver=org.sqlite.JDBC} 
24 Apr 2019 09:56:35,198 TRACE repository.ParticipantRepository 50 save - Enter saving participant Participant{id=1, nume='Alex', varsta='22'} 
24 Apr 2019 09:56:35,198 TRACE repository.JdbcUtils 57 getConnection - Enter
24 Apr 2019 09:56:35,198 TRACE repository.JdbcUtils 23 getNewConnection - Enter
24 Apr 2019 09:56:35,198 INFO  repository.JdbcUtils 30 getNewConnection - trying to connect to database ... jdbc:sqlite:D:\Adrian\4. FACULTATE - ANUL II (Sem II)\MPP\Projects\Java\Laborator3(client-server)\ConcursInot(Server)\ConcursInotTest.db
24 Apr 2019 09:56:35,198 INFO  repository.JdbcUtils 31 getNewConnection - user: null
24 Apr 2019 09:56:35,198 INFO  repository.JdbcUtils 32 getNewConnection - pass: null
24 Apr 2019 09:56:35,198 INFO  repository.JdbcUtils 38 getNewConnection - Loaded driver ...org.sqlite.JDBC
24 Apr 2019 09:56:35,214 TRACE repository.JdbcUtils 69 getConnection - Exit with(org.sqlite.SQLiteConnection@6a75ccef)
24 Apr 2019 09:56:35,214 ERROR repository.ParticipantRepository 62 save - org.sqlite.SQLiteException: [SQLITE_CONSTRAINT_PRIMARYKEY]  A PRIMARY KEY constraint failed (UNIQUE constraint failed: Participanti.id)
Error DB org.sqlite.SQLiteException: [SQLITE_CONSTRAINT_PRIMARYKEY]  A PRIMARY KEY constraint failed (UNIQUE constraint failed: Participanti.id)
24 Apr 2019 09:56:35,214 TRACE repository.ParticipantRepository 66 save - Exit
24 Apr 2019 09:56:35,214 TRACE repository.ParticipantRepository 50 save - Enter saving participant Participant{id=2, nume='Mihai', varsta='34'} 
24 Apr 2019 09:56:35,214 TRACE repository.JdbcUtils 57 getConnection - Enter
24 Apr 2019 09:56:35,214 TRACE repository.JdbcUtils 69 getConnection - Exit with(org.sqlite.SQLiteConnection@6a75ccef)
24 Apr 2019 09:56:35,214 ERROR repository.ParticipantRepository 62 save - org.sqlite.SQLiteException: [SQLITE_CONSTRAINT_PRIMARYKEY]  A PRIMARY KEY constraint failed (UNIQUE constraint failed: Participanti.id)
Error DB org.sqlite.SQLiteException: [SQLITE_CONSTRAINT_PRIMARYKEY]  A PRIMARY KEY constraint failed (UNIQUE constraint failed: Participanti.id)
24 Apr 2019 09:56:35,214 TRACE repository.ParticipantRepository 66 save - Exit
24 Apr 2019 09:56:35,214 TRACE repository.ParticipantRepository 73 delete - Enter deleting participant with 1
24 Apr 2019 09:56:35,214 TRACE repository.JdbcUtils 57 getConnection - Enter
24 Apr 2019 09:56:35,214 TRACE repository.JdbcUtils 69 getConnection - Exit with(org.sqlite.SQLiteConnection@6a75ccef)
24 Apr 2019 09:56:35,324 TRACE repository.ParticipantRepository 86 delete - Exit
24 Apr 2019 09:56:35,324 TRACE repository.ParticipantRepository 27 size - Enter
24 Apr 2019 09:56:35,324 TRACE repository.JdbcUtils 57 getConnection - Enter
24 Apr 2019 09:56:35,324 TRACE repository.JdbcUtils 69 getConnection - Exit with(org.sqlite.SQLiteConnection@6a75ccef)
24 Apr 2019 09:56:35,324 TRACE repository.ParticipantRepository 33 size - Exit with(1)
24 Apr 2019 09:56:35,324 TRACE repository.ParticipantRepository 73 delete - Enter deleting participant with 2
24 Apr 2019 09:56:35,324 TRACE repository.JdbcUtils 57 getConnection - Enter
24 Apr 2019 09:56:35,324 TRACE repository.JdbcUtils 69 getConnection - Exit with(org.sqlite.SQLiteConnection@6a75ccef)
24 Apr 2019 09:56:35,464 TRACE repository.ParticipantRepository 86 delete - Exit
24 Apr 2019 09:56:35,464 TRACE repository.ParticipantRepository 27 size - Enter
24 Apr 2019 09:56:35,464 TRACE repository.JdbcUtils 57 getConnection - Enter
24 Apr 2019 09:56:35,464 TRACE repository.JdbcUtils 69 getConnection - Exit with(org.sqlite.SQLiteConnection@6a75ccef)
24 Apr 2019 09:56:35,464 TRACE repository.ParticipantRepository 33 size - Exit with(0)
24 Apr 2019 09:56:35,464 TRACE repository.ParticipantRepository 73 delete - Enter deleting participant with 1
24 Apr 2019 09:56:35,464 TRACE repository.JdbcUtils 57 getConnection - Enter
24 Apr 2019 09:56:35,464 TRACE repository.JdbcUtils 69 getConnection - Exit with(org.sqlite.SQLiteConnection@6a75ccef)
24 Apr 2019 09:56:35,464 TRACE repository.ParticipantRepository 86 delete - Exit
24 Apr 2019 09:56:35,464 TRACE repository.ParticipantRepository 73 delete - Enter deleting participant with 2
24 Apr 2019 09:56:35,464 TRACE repository.JdbcUtils 57 getConnection - Enter
24 Apr 2019 09:56:35,464 TRACE repository.JdbcUtils 69 getConnection - Exit with(org.sqlite.SQLiteConnection@6a75ccef)
24 Apr 2019 09:56:35,464 TRACE repository.ParticipantRepository 86 delete - Exit
24 Apr 2019 09:56:35,464 INFO  repository.ParticipantRepository 20 <init> - Initializing ParticipantRepository with properties: {bdConfig.jdbc.url=jdbc:sqlite:D:\Adrian\4. FACULTATE - ANUL II (Sem II)\MPP\Projects\Java\Laborator3(client-server)\ConcursInot(Server)\ConcursInotTest.db, bdConfig.jdbc.driver=org.sqlite.JDBC} 
24 Apr 2019 09:56:35,464 TRACE repository.ParticipantRepository 50 save - Enter saving participant Participant{id=1, nume='Alex', varsta='22'} 
24 Apr 2019 09:56:35,464 TRACE repository.JdbcUtils 57 getConnection - Enter
24 Apr 2019 09:56:35,464 TRACE repository.JdbcUtils 23 getNewConnection - Enter
24 Apr 2019 09:56:35,464 INFO  repository.JdbcUtils 30 getNewConnection - trying to connect to database ... jdbc:sqlite:D:\Adrian\4. FACULTATE - ANUL II (Sem II)\MPP\Projects\Java\Laborator3(client-server)\ConcursInot(Server)\ConcursInotTest.db
24 Apr 2019 09:56:35,464 INFO  repository.JdbcUtils 31 getNewConnection - user: null
24 Apr 2019 09:56:35,464 INFO  repository.JdbcUtils 32 getNewConnection - pass: null
24 Apr 2019 09:56:35,464 INFO  repository.JdbcUtils 38 getNewConnection - Loaded driver ...org.sqlite.JDBC
24 Apr 2019 09:56:35,480 TRACE repository.JdbcUtils 69 getConnection - Exit with(org.sqlite.SQLiteConnection@3a62e18e)
24 Apr 2019 09:56:35,608 TRACE repository.ParticipantRepository 66 save - Exit
24 Apr 2019 09:56:35,608 TRACE repository.ParticipantRepository 50 save - Enter saving participant Participant{id=2, nume='Mihai', varsta='34'} 
24 Apr 2019 09:56:35,608 TRACE repository.JdbcUtils 57 getConnection - Enter
24 Apr 2019 09:56:35,608 TRACE repository.JdbcUtils 69 getConnection - Exit with(org.sqlite.SQLiteConnection@3a62e18e)
24 Apr 2019 09:56:35,733 TRACE repository.ParticipantRepository 66 save - Exit
24 Apr 2019 09:56:35,733 TRACE repository.ParticipantRepository 141 findAll - Enter
24 Apr 2019 09:56:35,733 TRACE repository.JdbcUtils 57 getConnection - Enter
24 Apr 2019 09:56:35,733 TRACE repository.JdbcUtils 69 getConnection - Exit with(org.sqlite.SQLiteConnection@3a62e18e)
24 Apr 2019 09:56:35,733 TRACE repository.ParticipantRepository 159 findAll - Exit with([Participant{id=1, nume='Alex', varsta='22'}, Participant{id=2, nume='Mihai', varsta='34'}])
24 Apr 2019 09:56:35,733 TRACE repository.ParticipantRepository 73 delete - Enter deleting participant with 1
24 Apr 2019 09:56:35,733 TRACE repository.JdbcUtils 57 getConnection - Enter
24 Apr 2019 09:56:35,733 TRACE repository.JdbcUtils 69 getConnection - Exit with(org.sqlite.SQLiteConnection@3a62e18e)
24 Apr 2019 09:56:35,842 TRACE repository.ParticipantRepository 86 delete - Exit
24 Apr 2019 09:56:35,842 TRACE repository.ParticipantRepository 73 delete - Enter deleting participant with 2
24 Apr 2019 09:56:35,842 TRACE repository.JdbcUtils 57 getConnection - Enter
24 Apr 2019 09:56:35,842 TRACE repository.JdbcUtils 69 getConnection - Exit with(org.sqlite.SQLiteConnection@3a62e18e)
24 Apr 2019 09:56:35,967 TRACE repository.ParticipantRepository 86 delete - Exit
24 Apr 2019 09:56:35,967 INFO  repository.ParticipantRepository 20 <init> - Initializing ParticipantRepository with properties: {bdConfig.jdbc.url=jdbc:sqlite:D:\Adrian\4. FACULTATE - ANUL II (Sem II)\MPP\Projects\Java\Laborator3(client-server)\ConcursInot(Server)\ConcursInotTest.db, bdConfig.jdbc.driver=org.sqlite.JDBC} 
24 Apr 2019 09:56:35,967 TRACE repository.ParticipantRepository 50 save - Enter saving participant Participant{id=1, nume='Alex', varsta='22'} 
24 Apr 2019 09:56:35,967 TRACE repository.JdbcUtils 57 getConnection - Enter
24 Apr 2019 09:56:35,967 TRACE repository.JdbcUtils 23 getNewConnection - Enter
24 Apr 2019 09:56:35,967 INFO  repository.JdbcUtils 30 getNewConnection - trying to connect to database ... jdbc:sqlite:D:\Adrian\4. FACULTATE - ANUL II (Sem II)\MPP\Projects\Java\Laborator3(client-server)\ConcursInot(Server)\ConcursInotTest.db
24 Apr 2019 09:56:35,967 INFO  repository.JdbcUtils 31 getNewConnection - user: null
24 Apr 2019 09:56:35,967 INFO  repository.JdbcUtils 32 getNewConnection - pass: null
24 Apr 2019 09:56:35,967 INFO  repository.JdbcUtils 38 getNewConnection - Loaded driver ...org.sqlite.JDBC
24 Apr 2019 09:56:35,983 TRACE repository.JdbcUtils 69 getConnection - Exit with(org.sqlite.SQLiteConnection@6cfe1508)
24 Apr 2019 09:56:36,108 TRACE repository.ParticipantRepository 66 save - Exit
24 Apr 2019 09:56:36,108 TRACE repository.ParticipantRepository 50 save - Enter saving participant Participant{id=2, nume='Mihai', varsta='34'} 
24 Apr 2019 09:56:36,108 TRACE repository.JdbcUtils 57 getConnection - Enter
24 Apr 2019 09:56:36,108 TRACE repository.JdbcUtils 69 getConnection - Exit with(org.sqlite.SQLiteConnection@6cfe1508)
24 Apr 2019 09:56:36,217 TRACE repository.ParticipantRepository 66 save - Exit
24 Apr 2019 09:56:36,217 TRACE repository.ParticipantRepository 115 findOne - Enter finding participant with id 1 
24 Apr 2019 09:56:36,217 TRACE repository.JdbcUtils 57 getConnection - Enter
24 Apr 2019 09:56:36,217 TRACE repository.JdbcUtils 69 getConnection - Exit with(org.sqlite.SQLiteConnection@6cfe1508)
24 Apr 2019 09:56:36,217 TRACE repository.ParticipantRepository 125 findOne - Exit with(Participant{id=1, nume='Alex', varsta='22'})
24 Apr 2019 09:56:36,217 TRACE repository.ParticipantRepository 73 delete - Enter deleting participant with 1
24 Apr 2019 09:56:36,217 TRACE repository.JdbcUtils 57 getConnection - Enter
24 Apr 2019 09:56:36,217 TRACE repository.JdbcUtils 69 getConnection - Exit with(org.sqlite.SQLiteConnection@6cfe1508)
24 Apr 2019 09:56:36,342 TRACE repository.ParticipantRepository 86 delete - Exit
24 Apr 2019 09:56:36,342 TRACE repository.ParticipantRepository 73 delete - Enter deleting participant with 2
24 Apr 2019 09:56:36,342 TRACE repository.JdbcUtils 57 getConnection - Enter
24 Apr 2019 09:56:36,342 TRACE repository.JdbcUtils 69 getConnection - Exit with(org.sqlite.SQLiteConnection@6cfe1508)
24 Apr 2019 09:56:36,451 TRACE repository.ParticipantRepository 86 delete - Exit
24 Apr 2019 09:56:36,451 INFO  repository.ParticipantRepository 20 <init> - Initializing ParticipantRepository with properties: {bdConfig.jdbc.url=jdbc:sqlite:D:\Adrian\4. FACULTATE - ANUL II (Sem II)\MPP\Projects\Java\Laborator3(client-server)\ConcursInot(Server)\ConcursInotTest.db, bdConfig.jdbc.driver=org.sqlite.JDBC} 
24 Apr 2019 09:56:36,451 TRACE repository.ParticipantRepository 50 save - Enter saving participant Participant{id=1, nume='Alex', varsta='22'} 
24 Apr 2019 09:56:36,451 TRACE repository.JdbcUtils 57 getConnection - Enter
24 Apr 2019 09:56:36,451 TRACE repository.JdbcUtils 23 getNewConnection - Enter
24 Apr 2019 09:56:36,451 INFO  repository.JdbcUtils 30 getNewConnection - trying to connect to database ... jdbc:sqlite:D:\Adrian\4. FACULTATE - ANUL II (Sem II)\MPP\Projects\Java\Laborator3(client-server)\ConcursInot(Server)\ConcursInotTest.db
24 Apr 2019 09:56:36,451 INFO  repository.JdbcUtils 31 getNewConnection - user: null
24 Apr 2019 09:56:36,451 INFO  repository.JdbcUtils 32 getNewConnection - pass: null
24 Apr 2019 09:56:36,451 INFO  repository.JdbcUtils 38 getNewConnection - Loaded driver ...org.sqlite.JDBC
24 Apr 2019 09:56:36,483 TRACE repository.JdbcUtils 69 getConnection - Exit with(org.sqlite.SQLiteConnection@3c8281c1)
24 Apr 2019 09:56:36,594 TRACE repository.ParticipantRepository 66 save - Exit
24 Apr 2019 09:56:36,594 TRACE repository.ParticipantRepository 50 save - Enter saving participant Participant{id=2, nume='Mihai', varsta='34'} 
24 Apr 2019 09:56:36,594 TRACE repository.JdbcUtils 57 getConnection - Enter
24 Apr 2019 09:56:36,594 TRACE repository.JdbcUtils 69 getConnection - Exit with(org.sqlite.SQLiteConnection@3c8281c1)
24 Apr 2019 09:56:36,703 TRACE repository.ParticipantRepository 66 save - Exit
24 Apr 2019 09:56:36,703 TRACE repository.ParticipantRepository 92 update - Enter updating participant with 1
24 Apr 2019 09:56:36,703 TRACE repository.JdbcUtils 57 getConnection - Enter
24 Apr 2019 09:56:36,703 TRACE repository.JdbcUtils 69 getConnection - Exit with(org.sqlite.SQLiteConnection@3c8281c1)
24 Apr 2019 09:56:36,844 TRACE repository.ParticipantRepository 109 update - Exit
24 Apr 2019 09:56:36,844 TRACE repository.ParticipantRepository 27 size - Enter
24 Apr 2019 09:56:36,844 TRACE repository.JdbcUtils 57 getConnection - Enter
24 Apr 2019 09:56:36,859 TRACE repository.JdbcUtils 69 getConnection - Exit with(org.sqlite.SQLiteConnection@3c8281c1)
24 Apr 2019 09:56:36,859 TRACE repository.ParticipantRepository 33 size - Exit with(2)
24 Apr 2019 09:56:36,859 TRACE repository.ParticipantRepository 73 delete - Enter deleting participant with 50
24 Apr 2019 09:56:36,859 TRACE repository.JdbcUtils 57 getConnection - Enter
24 Apr 2019 09:56:36,859 TRACE repository.JdbcUtils 69 getConnection - Exit with(org.sqlite.SQLiteConnection@3c8281c1)
24 Apr 2019 09:56:36,969 TRACE repository.ParticipantRepository 86 delete - Exit
24 Apr 2019 09:56:36,969 TRACE repository.ParticipantRepository 73 delete - Enter deleting participant with 1
24 Apr 2019 09:56:36,969 TRACE repository.JdbcUtils 57 getConnection - Enter
24 Apr 2019 09:56:36,969 TRACE repository.JdbcUtils 69 getConnection - Exit with(org.sqlite.SQLiteConnection@3c8281c1)
24 Apr 2019 09:56:36,969 TRACE repository.ParticipantRepository 86 delete - Exit
24 Apr 2019 09:56:36,969 TRACE repository.ParticipantRepository 73 delete - Enter deleting participant with 2
24 Apr 2019 09:56:36,969 TRACE repository.JdbcUtils 57 getConnection - Enter
24 Apr 2019 09:56:36,969 TRACE repository.JdbcUtils 69 getConnection - Exit with(org.sqlite.SQLiteConnection@3c8281c1)
24 Apr 2019 09:56:37,078 TRACE repository.ParticipantRepository 86 delete - Exit
24 Apr 2019 09:56:37,078 INFO  repository.ParticipantRepository 20 <init> - Initializing ParticipantRepository with properties: {bdConfig.jdbc.url=jdbc:sqlite:D:\Adrian\4. FACULTATE - ANUL II (Sem II)\MPP\Projects\Java\Laborator3(client-server)\ConcursInot(Server)\ConcursInotTest.db, bdConfig.jdbc.driver=org.sqlite.JDBC} 
24 Apr 2019 09:56:37,078 TRACE repository.ParticipantRepository 50 save - Enter saving participant Participant{id=1, nume='Alex', varsta='22'} 
24 Apr 2019 09:56:37,078 TRACE repository.JdbcUtils 57 getConnection - Enter
24 Apr 2019 09:56:37,094 TRACE repository.JdbcUtils 23 getNewConnection - Enter
24 Apr 2019 09:56:37,094 INFO  repository.JdbcUtils 30 getNewConnection - trying to connect to database ... jdbc:sqlite:D:\Adrian\4. FACULTATE - ANUL II (Sem II)\MPP\Projects\Java\Laborator3(client-server)\ConcursInot(Server)\ConcursInotTest.db
24 Apr 2019 09:56:37,094 INFO  repository.JdbcUtils 31 getNewConnection - user: null
24 Apr 2019 09:56:37,094 INFO  repository.JdbcUtils 32 getNewConnection - pass: null
24 Apr 2019 09:56:37,094 INFO  repository.JdbcUtils 38 getNewConnection - Loaded driver ...org.sqlite.JDBC
24 Apr 2019 09:56:37,094 TRACE repository.JdbcUtils 69 getConnection - Exit with(org.sqlite.SQLiteConnection@4d3f13f2)
24 Apr 2019 09:56:37,219 TRACE repository.ParticipantRepository 66 save - Exit
24 Apr 2019 09:56:37,219 TRACE repository.ParticipantRepository 50 save - Enter saving participant Participant{id=2, nume='Mihai', varsta='34'} 
24 Apr 2019 09:56:37,219 TRACE repository.JdbcUtils 57 getConnection - Enter
24 Apr 2019 09:56:37,219 TRACE repository.JdbcUtils 69 getConnection - Exit with(org.sqlite.SQLiteConnection@4d3f13f2)
24 Apr 2019 09:56:37,328 TRACE repository.ParticipantRepository 66 save - Exit
24 Apr 2019 09:56:37,328 TRACE repository.ParticipantRepository 50 save - Enter saving participant Participant{id=3, nume='Mihai', varsta='43'} 
24 Apr 2019 09:56:37,328 TRACE repository.JdbcUtils 57 getConnection - Enter
24 Apr 2019 09:56:37,328 TRACE repository.JdbcUtils 69 getConnection - Exit with(org.sqlite.SQLiteConnection@4d3f13f2)
24 Apr 2019 09:56:37,469 TRACE repository.ParticipantRepository 66 save - Exit
24 Apr 2019 09:56:37,469 TRACE repository.ParticipantRepository 27 size - Enter
24 Apr 2019 09:56:37,469 TRACE repository.JdbcUtils 57 getConnection - Enter
24 Apr 2019 09:56:37,469 TRACE repository.JdbcUtils 69 getConnection - Exit with(org.sqlite.SQLiteConnection@4d3f13f2)
24 Apr 2019 09:56:37,469 TRACE repository.ParticipantRepository 33 size - Exit with(3)
24 Apr 2019 09:56:37,469 TRACE repository.ParticipantRepository 73 delete - Enter deleting participant with 3
24 Apr 2019 09:56:37,469 TRACE repository.JdbcUtils 57 getConnection - Enter
24 Apr 2019 09:56:37,469 TRACE repository.JdbcUtils 69 getConnection - Exit with(org.sqlite.SQLiteConnection@4d3f13f2)
24 Apr 2019 09:56:37,594 TRACE repository.ParticipantRepository 86 delete - Exit
24 Apr 2019 09:56:37,594 TRACE repository.ParticipantRepository 73 delete - Enter deleting participant with 1
24 Apr 2019 09:56:37,594 TRACE repository.JdbcUtils 57 getConnection - Enter
24 Apr 2019 09:56:37,594 TRACE repository.JdbcUtils 69 getConnection - Exit with(org.sqlite.SQLiteConnection@4d3f13f2)
24 Apr 2019 09:56:37,703 TRACE repository.ParticipantRepository 86 delete - Exit
24 Apr 2019 09:56:37,703 TRACE repository.ParticipantRepository 73 delete - Enter deleting participant with 2
24 Apr 2019 09:56:37,719 TRACE repository.JdbcUtils 57 getConnection - Enter
24 Apr 2019 09:56:37,719 TRACE repository.JdbcUtils 69 getConnection - Exit with(org.sqlite.SQLiteConnection@4d3f13f2)
24 Apr 2019 09:56:37,841 TRACE repository.ParticipantRepository 86 delete - Exit
24 Apr 2019 09:56:37,841 INFO  repository.ParticipantRepository 20 <init> - Initializing ParticipantRepository with properties: {bdConfig.jdbc.url=jdbc:sqlite:D:\Adrian\4. FACULTATE - ANUL II (Sem II)\MPP\Projects\Java\Laborator3(client-server)\ConcursInot(Server)\ConcursInotTest.db, bdConfig.jdbc.driver=org.sqlite.JDBC} 
24 Apr 2019 09:56:37,841 TRACE repository.ParticipantRepository 50 save - Enter saving participant Participant{id=1, nume='Alex', varsta='22'} 
24 Apr 2019 09:56:37,841 TRACE repository.JdbcUtils 57 getConnection - Enter
24 Apr 2019 09:56:37,841 TRACE repository.JdbcUtils 23 getNewConnection - Enter
24 Apr 2019 09:56:37,841 INFO  repository.JdbcUtils 30 getNewConnection - trying to connect to database ... jdbc:sqlite:D:\Adrian\4. FACULTATE - ANUL II (Sem II)\MPP\Projects\Java\Laborator3(client-server)\ConcursInot(Server)\ConcursInotTest.db
24 Apr 2019 09:56:37,841 INFO  repository.JdbcUtils 31 getNewConnection - user: null
24 Apr 2019 09:56:37,841 INFO  repository.JdbcUtils 32 getNewConnection - pass: null
24 Apr 2019 09:56:37,841 INFO  repository.JdbcUtils 38 getNewConnection - Loaded driver ...org.sqlite.JDBC
24 Apr 2019 09:56:37,857 TRACE repository.JdbcUtils 69 getConnection - Exit with(org.sqlite.SQLiteConnection@7fa77fd7)
24 Apr 2019 09:56:37,968 TRACE repository.ParticipantRepository 66 save - Exit
24 Apr 2019 09:56:37,968 TRACE repository.ParticipantRepository 50 save - Enter saving participant Participant{id=2, nume='Mihai', varsta='34'} 
24 Apr 2019 09:56:37,968 TRACE repository.JdbcUtils 57 getConnection - Enter
24 Apr 2019 09:56:37,968 TRACE repository.JdbcUtils 69 getConnection - Exit with(org.sqlite.SQLiteConnection@7fa77fd7)
24 Apr 2019 09:56:38,093 TRACE repository.ParticipantRepository 66 save - Exit
24 Apr 2019 09:56:38,093 TRACE repository.ParticipantRepository 27 size - Enter
24 Apr 2019 09:56:38,093 TRACE repository.JdbcUtils 57 getConnection - Enter
24 Apr 2019 09:56:38,093 TRACE repository.JdbcUtils 69 getConnection - Exit with(org.sqlite.SQLiteConnection@7fa77fd7)
24 Apr 2019 09:56:38,093 TRACE repository.ParticipantRepository 33 size - Exit with(2)
24 Apr 2019 09:56:38,093 TRACE repository.ParticipantRepository 73 delete - Enter deleting participant with 1
24 Apr 2019 09:56:38,093 TRACE repository.JdbcUtils 57 getConnection - Enter
24 Apr 2019 09:56:38,093 TRACE repository.JdbcUtils 69 getConnection - Exit with(org.sqlite.SQLiteConnection@7fa77fd7)
24 Apr 2019 09:56:38,265 TRACE repository.ParticipantRepository 86 delete - Exit
24 Apr 2019 09:56:38,265 TRACE repository.ParticipantRepository 73 delete - Enter deleting participant with 2
24 Apr 2019 09:56:38,265 TRACE repository.JdbcUtils 57 getConnection - Enter
24 Apr 2019 09:56:38,265 TRACE repository.JdbcUtils 69 getConnection - Exit with(org.sqlite.SQLiteConnection@7fa77fd7)
24 Apr 2019 09:56:38,390 TRACE repository.ParticipantRepository 86 delete - Exit
]]></system-out>
  <system-err><![CDATA[]]></system-err>
</testsuite>
