<?xml version="1.0" encoding="UTF-8"?>
<testsuite name="service.ServiceTest" tests="1" skipped="0" failures="0" errors="0" timestamp="2019-03-20T06:40:04" hostname="Adrian-MSI" time="0.018">
  <properties/>
  <testcase name="numarParticipantiProbe" classname="service.ServiceTest" time="0.018"/>
  <system-out><![CDATA[20 Mar 2019 08:40:04,537 INFO  repository.InscriereRepository 22 <init> - Initializing InscriereRepository with properties: {bdConfig.jdbc.url=jdbc:sqlite:D:\Adrian\4. FACULTATE - ANUL II (Sem II)\MPP\Projects\ConcursInot\ConcursInot.db, bdConfig.jdbc.driver=org.sqlite.JDBC} 
20 Mar 2019 08:40:04,537 INFO  repository.ParticipantRepository 22 <init> - Initializing ParticipantRepository with properties: {bdConfig.jdbc.url=jdbc:sqlite:D:\Adrian\4. FACULTATE - ANUL II (Sem II)\MPP\Projects\ConcursInot\ConcursInot.db, bdConfig.jdbc.driver=org.sqlite.JDBC} 
20 Mar 2019 08:40:04,537 INFO  repository.ProbaRepository 24 <init> - Initializing ProbaRepository with properties: {bdConfig.jdbc.url=jdbc:sqlite:D:\Adrian\4. FACULTATE - ANUL II (Sem II)\MPP\Projects\ConcursInot\ConcursInot.db, bdConfig.jdbc.driver=org.sqlite.JDBC} 
20 Mar 2019 08:40:04,537 INFO  repository.PersoanaOficiuRepository 22 <init> - Initializing PersoanaOficiuRepository with properties: {bdConfig.jdbc.url=jdbc:sqlite:D:\Adrian\4. FACULTATE - ANUL II (Sem II)\MPP\Projects\ConcursInot\ConcursInot.db, bdConfig.jdbc.driver=org.sqlite.JDBC} 
20 Mar 2019 08:40:04,537 TRACE repository.ProbaRepository 141 findAll - Enter
20 Mar 2019 08:40:04,537 TRACE repository.JdbcUtils 59 getConnection - Enter
20 Mar 2019 08:40:04,537 TRACE repository.JdbcUtils 25 getNewConnection - Enter
20 Mar 2019 08:40:04,537 INFO  repository.JdbcUtils 32 getNewConnection - trying to connect to database ... jdbc:sqlite:D:\Adrian\4. FACULTATE - ANUL II (Sem II)\MPP\Projects\ConcursInot\ConcursInot.db
20 Mar 2019 08:40:04,537 INFO  repository.JdbcUtils 33 getNewConnection - user: null
20 Mar 2019 08:40:04,537 INFO  repository.JdbcUtils 34 getNewConnection - pass: null
20 Mar 2019 08:40:04,537 INFO  repository.JdbcUtils 40 getNewConnection - Loaded driver ...org.sqlite.JDBC
20 Mar 2019 08:40:04,537 TRACE repository.JdbcUtils 71 getConnection - Exit with(org.sqlite.SQLiteConnection@2938144a)
20 Mar 2019 08:40:04,537 TRACE repository.ProbaRepository 159 findAll - Exit with([Proba{id=1, distanta=dist50m, stil=fluture}, Proba{id=2, distanta=dist50m, stil=liber}, Proba{id=3, distanta=dist50m, stil=mixt}, Proba{id=4, distanta=dist50m, stil=spate}, Proba{id=5, distanta=dist200m, stil=fluture}, Proba{id=6, distanta=dist200m, stil=liber}, Proba{id=7, distanta=dist200m, stil=mixt}, Proba{id=8, distanta=dist200m, stil=spate}, Proba{id=9, distanta=dist800m, stil=fluture}, Proba{id=10, distanta=dist800m, stil=liber}, Proba{id=11, distanta=dist800m, stil=mixt}, Proba{id=12, distanta=dist800m, stil=spate}, Proba{id=13, distanta=dist1500m, stil=fluture}, Proba{id=14, distanta=dist1500m, stil=liber}, Proba{id=15, distanta=dist1500m, stil=mixt}, Proba{id=16, distanta=dist1500m, stil=spate}])
20 Mar 2019 08:40:04,537 TRACE repository.InscriereRepository 223 groupByProbaId - Enter
20 Mar 2019 08:40:04,537 TRACE repository.JdbcUtils 59 getConnection - Enter
20 Mar 2019 08:40:04,537 TRACE repository.JdbcUtils 25 getNewConnection - Enter
20 Mar 2019 08:40:04,537 INFO  repository.JdbcUtils 32 getNewConnection - trying to connect to database ... jdbc:sqlite:D:\Adrian\4. FACULTATE - ANUL II (Sem II)\MPP\Projects\ConcursInot\ConcursInot.db
20 Mar 2019 08:40:04,537 INFO  repository.JdbcUtils 33 getNewConnection - user: null
20 Mar 2019 08:40:04,552 INFO  repository.JdbcUtils 34 getNewConnection - pass: null
20 Mar 2019 08:40:04,552 INFO  repository.JdbcUtils 40 getNewConnection - Loaded driver ...org.sqlite.JDBC
20 Mar 2019 08:40:04,552 TRACE repository.JdbcUtils 71 getConnection - Exit with(org.sqlite.SQLiteConnection@3866f3a5)
]]></system-out>
  <system-err><![CDATA[]]></system-err>
</testsuite>
