<?xml version="1.0" encoding="UTF-8"?>
<testsuite name="repository.PersoanaOficiuRepositoryTest" tests="6" skipped="0" failures="0" errors="0" timestamp="2019-03-20T06:39:53" hostname="Adrian-MSI" time="5.403">
  <properties/>
  <testcase name="delete" classname="repository.PersoanaOficiuRepositoryTest" time="2.12"/>
  <testcase name="findAll" classname="repository.PersoanaOficiuRepositoryTest" time="0.744"/>
  <testcase name="findOne" classname="repository.PersoanaOficiuRepositoryTest" time="0.533"/>
  <testcase name="update" classname="repository.PersoanaOficiuRepositoryTest" time="0.685"/>
  <testcase name="save" classname="repository.PersoanaOficiuRepositoryTest" time="0.763"/>
  <testcase name="size" classname="repository.PersoanaOficiuRepositoryTest" time="0.557"/>
  <system-out><![CDATA[20 Mar 2019 08:39:53,225 INFO  repository.PersoanaOficiuRepository 22 <init> - Initializing PersoanaOficiuRepository with properties: {bdConfig.jdbc.url=jdbc:sqlite:D:\Adrian\4. FACULTATE - ANUL II (Sem II)\MPP\Projects\ConcursInot\ConcursInotTest.db, bdConfig.jdbc.driver=org.sqlite.JDBC} 
20 Mar 2019 08:39:53,225 TRACE repository.PersoanaOficiuRepository 47 save - Enter saving 'persoanaOficiu' PersoanaOficiu{id='user1', password='1463ca'} 
20 Mar 2019 08:39:53,225 TRACE repository.JdbcUtils 59 getConnection - Enter
20 Mar 2019 08:39:53,225 TRACE repository.JdbcUtils 25 getNewConnection - Enter
20 Mar 2019 08:39:53,225 INFO  repository.JdbcUtils 32 getNewConnection - trying to connect to database ... jdbc:sqlite:D:\Adrian\4. FACULTATE - ANUL II (Sem II)\MPP\Projects\ConcursInot\ConcursInotTest.db
20 Mar 2019 08:39:53,225 INFO  repository.JdbcUtils 33 getNewConnection - user: null
20 Mar 2019 08:39:53,225 INFO  repository.JdbcUtils 34 getNewConnection - pass: null
20 Mar 2019 08:39:53,225 INFO  repository.JdbcUtils 40 getNewConnection - Loaded driver ...org.sqlite.JDBC
20 Mar 2019 08:39:53,241 TRACE repository.JdbcUtils 71 getConnection - Exit with(org.sqlite.SQLiteConnection@272fab8e)
20 Mar 2019 08:39:53,397 TRACE repository.PersoanaOficiuRepository 59 save - Exit
20 Mar 2019 08:39:53,397 TRACE repository.PersoanaOficiuRepository 47 save - Enter saving 'persoanaOficiu' PersoanaOficiu{id='user2', password='76323dsac'} 
20 Mar 2019 08:39:53,397 TRACE repository.JdbcUtils 59 getConnection - Enter
20 Mar 2019 08:39:53,397 TRACE repository.JdbcUtils 71 getConnection - Exit with(org.sqlite.SQLiteConnection@272fab8e)
20 Mar 2019 08:39:53,597 TRACE repository.PersoanaOficiuRepository 59 save - Exit
20 Mar 2019 08:39:53,597 TRACE repository.PersoanaOficiuRepository 47 save - Enter saving 'persoanaOficiu' PersoanaOficiu{id='user3', password='14489cadsad'} 
20 Mar 2019 08:39:53,597 TRACE repository.JdbcUtils 59 getConnection - Enter
20 Mar 2019 08:39:53,597 TRACE repository.JdbcUtils 71 getConnection - Exit with(org.sqlite.SQLiteConnection@272fab8e)
20 Mar 2019 08:39:53,597 ERROR repository.PersoanaOficiuRepository 56 save - org.sqlite.SQLiteException: [SQLITE_CONSTRAINT_PRIMARYKEY]  A PRIMARY KEY constraint failed (UNIQUE constraint failed: PersoaneOficiu.id)
Error DB org.sqlite.SQLiteException: [SQLITE_CONSTRAINT_PRIMARYKEY]  A PRIMARY KEY constraint failed (UNIQUE constraint failed: PersoaneOficiu.id)
20 Mar 2019 08:39:53,597 TRACE repository.PersoanaOficiuRepository 59 save - Exit
20 Mar 2019 08:39:53,597 TRACE repository.PersoanaOficiuRepository 64 delete - Enter deleting task with user1
20 Mar 2019 08:39:53,597 TRACE repository.JdbcUtils 59 getConnection - Enter
20 Mar 2019 08:39:53,597 TRACE repository.JdbcUtils 71 getConnection - Exit with(org.sqlite.SQLiteConnection@272fab8e)
20 Mar 2019 08:39:54,848 TRACE repository.PersoanaOficiuRepository 74 delete - Exit
20 Mar 2019 08:39:54,848 TRACE repository.PersoanaOficiuRepository 28 size - Enter
20 Mar 2019 08:39:54,848 TRACE repository.JdbcUtils 59 getConnection - Enter
20 Mar 2019 08:39:54,848 TRACE repository.JdbcUtils 71 getConnection - Exit with(org.sqlite.SQLiteConnection@272fab8e)
20 Mar 2019 08:39:54,848 TRACE repository.PersoanaOficiuRepository 34 size - Exit with(2)
20 Mar 2019 08:39:54,848 TRACE repository.PersoanaOficiuRepository 64 delete - Enter deleting task with user2
20 Mar 2019 08:39:54,848 TRACE repository.JdbcUtils 59 getConnection - Enter
20 Mar 2019 08:39:54,848 TRACE repository.JdbcUtils 71 getConnection - Exit with(org.sqlite.SQLiteConnection@272fab8e)
20 Mar 2019 08:39:55,321 TRACE repository.PersoanaOficiuRepository 74 delete - Exit
20 Mar 2019 08:39:55,336 TRACE repository.PersoanaOficiuRepository 28 size - Enter
20 Mar 2019 08:39:55,336 TRACE repository.JdbcUtils 59 getConnection - Enter
20 Mar 2019 08:39:55,336 TRACE repository.JdbcUtils 71 getConnection - Exit with(org.sqlite.SQLiteConnection@272fab8e)
20 Mar 2019 08:39:55,336 TRACE repository.PersoanaOficiuRepository 34 size - Exit with(1)
20 Mar 2019 08:39:55,336 TRACE repository.PersoanaOficiuRepository 64 delete - Enter deleting task with user1
20 Mar 2019 08:39:55,336 TRACE repository.JdbcUtils 59 getConnection - Enter
20 Mar 2019 08:39:55,336 TRACE repository.JdbcUtils 71 getConnection - Exit with(org.sqlite.SQLiteConnection@272fab8e)
20 Mar 2019 08:39:55,336 TRACE repository.PersoanaOficiuRepository 74 delete - Exit
20 Mar 2019 08:39:55,336 TRACE repository.PersoanaOficiuRepository 64 delete - Enter deleting task with user2
20 Mar 2019 08:39:55,336 TRACE repository.JdbcUtils 59 getConnection - Enter
20 Mar 2019 08:39:55,336 TRACE repository.JdbcUtils 71 getConnection - Exit with(org.sqlite.SQLiteConnection@272fab8e)
20 Mar 2019 08:39:55,336 TRACE repository.PersoanaOficiuRepository 74 delete - Exit
20 Mar 2019 08:39:55,336 INFO  repository.PersoanaOficiuRepository 22 <init> - Initializing PersoanaOficiuRepository with properties: {bdConfig.jdbc.url=jdbc:sqlite:D:\Adrian\4. FACULTATE - ANUL II (Sem II)\MPP\Projects\ConcursInot\ConcursInotTest.db, bdConfig.jdbc.driver=org.sqlite.JDBC} 
20 Mar 2019 08:39:55,336 TRACE repository.PersoanaOficiuRepository 47 save - Enter saving 'persoanaOficiu' PersoanaOficiu{id='user1', password='1463ca'} 
20 Mar 2019 08:39:55,336 TRACE repository.JdbcUtils 59 getConnection - Enter
20 Mar 2019 08:39:55,336 TRACE repository.JdbcUtils 25 getNewConnection - Enter
20 Mar 2019 08:39:55,336 INFO  repository.JdbcUtils 32 getNewConnection - trying to connect to database ... jdbc:sqlite:D:\Adrian\4. FACULTATE - ANUL II (Sem II)\MPP\Projects\ConcursInot\ConcursInotTest.db
20 Mar 2019 08:39:55,336 INFO  repository.JdbcUtils 33 getNewConnection - user: null
20 Mar 2019 08:39:55,336 INFO  repository.JdbcUtils 34 getNewConnection - pass: null
20 Mar 2019 08:39:55,336 INFO  repository.JdbcUtils 40 getNewConnection - Loaded driver ...org.sqlite.JDBC
20 Mar 2019 08:39:55,352 TRACE repository.JdbcUtils 71 getConnection - Exit with(org.sqlite.SQLiteConnection@f1581d8)
20 Mar 2019 08:39:55,727 TRACE repository.PersoanaOficiuRepository 59 save - Exit
20 Mar 2019 08:39:55,727 TRACE repository.PersoanaOficiuRepository 47 save - Enter saving 'persoanaOficiu' PersoanaOficiu{id='user2', password='76323dsac'} 
20 Mar 2019 08:39:55,727 TRACE repository.JdbcUtils 59 getConnection - Enter
20 Mar 2019 08:39:55,727 TRACE repository.JdbcUtils 71 getConnection - Exit with(org.sqlite.SQLiteConnection@f1581d8)
20 Mar 2019 08:39:55,836 TRACE repository.PersoanaOficiuRepository 59 save - Exit
20 Mar 2019 08:39:55,836 TRACE repository.PersoanaOficiuRepository 47 save - Enter saving 'persoanaOficiu' PersoanaOficiu{id='user3', password='14489cadsad'} 
20 Mar 2019 08:39:55,836 TRACE repository.JdbcUtils 59 getConnection - Enter
20 Mar 2019 08:39:55,836 TRACE repository.JdbcUtils 71 getConnection - Exit with(org.sqlite.SQLiteConnection@f1581d8)
20 Mar 2019 08:39:55,836 ERROR repository.PersoanaOficiuRepository 56 save - org.sqlite.SQLiteException: [SQLITE_CONSTRAINT_PRIMARYKEY]  A PRIMARY KEY constraint failed (UNIQUE constraint failed: PersoaneOficiu.id)
Error DB org.sqlite.SQLiteException: [SQLITE_CONSTRAINT_PRIMARYKEY]  A PRIMARY KEY constraint failed (UNIQUE constraint failed: PersoaneOficiu.id)
20 Mar 2019 08:39:55,836 TRACE repository.PersoanaOficiuRepository 59 save - Exit
20 Mar 2019 08:39:55,836 TRACE repository.PersoanaOficiuRepository 128 findAll - Enter
20 Mar 2019 08:39:55,836 TRACE repository.JdbcUtils 59 getConnection - Enter
20 Mar 2019 08:39:55,836 TRACE repository.JdbcUtils 71 getConnection - Exit with(org.sqlite.SQLiteConnection@f1581d8)
20 Mar 2019 08:39:55,836 TRACE repository.PersoanaOficiuRepository 146 findAll - Exit with([PersoanaOficiu{id='user3', password='14489cadsad'}, PersoanaOficiu{id='user1', password='1463ca'}, PersoanaOficiu{id='user2', password='76323dsac'}])
20 Mar 2019 08:39:55,836 TRACE repository.PersoanaOficiuRepository 64 delete - Enter deleting task with user1
20 Mar 2019 08:39:55,836 TRACE repository.JdbcUtils 59 getConnection - Enter
20 Mar 2019 08:39:55,836 TRACE repository.JdbcUtils 71 getConnection - Exit with(org.sqlite.SQLiteConnection@f1581d8)
20 Mar 2019 08:39:55,945 TRACE repository.PersoanaOficiuRepository 74 delete - Exit
20 Mar 2019 08:39:55,961 TRACE repository.PersoanaOficiuRepository 64 delete - Enter deleting task with user2
20 Mar 2019 08:39:55,961 TRACE repository.JdbcUtils 59 getConnection - Enter
20 Mar 2019 08:39:55,961 TRACE repository.JdbcUtils 71 getConnection - Exit with(org.sqlite.SQLiteConnection@f1581d8)
20 Mar 2019 08:39:56,084 TRACE repository.PersoanaOficiuRepository 74 delete - Exit
20 Mar 2019 08:39:56,084 INFO  repository.PersoanaOficiuRepository 22 <init> - Initializing PersoanaOficiuRepository with properties: {bdConfig.jdbc.url=jdbc:sqlite:D:\Adrian\4. FACULTATE - ANUL II (Sem II)\MPP\Projects\ConcursInot\ConcursInotTest.db, bdConfig.jdbc.driver=org.sqlite.JDBC} 
20 Mar 2019 08:39:56,084 TRACE repository.PersoanaOficiuRepository 47 save - Enter saving 'persoanaOficiu' PersoanaOficiu{id='user1', password='1463ca'} 
20 Mar 2019 08:39:56,084 TRACE repository.JdbcUtils 59 getConnection - Enter
20 Mar 2019 08:39:56,084 TRACE repository.JdbcUtils 25 getNewConnection - Enter
20 Mar 2019 08:39:56,084 INFO  repository.JdbcUtils 32 getNewConnection - trying to connect to database ... jdbc:sqlite:D:\Adrian\4. FACULTATE - ANUL II (Sem II)\MPP\Projects\ConcursInot\ConcursInotTest.db
20 Mar 2019 08:39:56,084 INFO  repository.JdbcUtils 33 getNewConnection - user: null
20 Mar 2019 08:39:56,084 INFO  repository.JdbcUtils 34 getNewConnection - pass: null
20 Mar 2019 08:39:56,084 INFO  repository.JdbcUtils 40 getNewConnection - Loaded driver ...org.sqlite.JDBC
20 Mar 2019 08:39:56,099 TRACE repository.JdbcUtils 71 getConnection - Exit with(org.sqlite.SQLiteConnection@7a710739)
20 Mar 2019 08:39:56,209 TRACE repository.PersoanaOficiuRepository 59 save - Exit
20 Mar 2019 08:39:56,209 TRACE repository.PersoanaOficiuRepository 47 save - Enter saving 'persoanaOficiu' PersoanaOficiu{id='user2', password='76323dsac'} 
20 Mar 2019 08:39:56,209 TRACE repository.JdbcUtils 59 getConnection - Enter
20 Mar 2019 08:39:56,209 TRACE repository.JdbcUtils 71 getConnection - Exit with(org.sqlite.SQLiteConnection@7a710739)
20 Mar 2019 08:39:56,306 TRACE repository.PersoanaOficiuRepository 59 save - Exit
20 Mar 2019 08:39:56,306 TRACE repository.PersoanaOficiuRepository 47 save - Enter saving 'persoanaOficiu' PersoanaOficiu{id='user3', password='14489cadsad'} 
20 Mar 2019 08:39:56,306 TRACE repository.JdbcUtils 59 getConnection - Enter
20 Mar 2019 08:39:56,321 TRACE repository.JdbcUtils 71 getConnection - Exit with(org.sqlite.SQLiteConnection@7a710739)
20 Mar 2019 08:39:56,321 ERROR repository.PersoanaOficiuRepository 56 save - org.sqlite.SQLiteException: [SQLITE_CONSTRAINT_PRIMARYKEY]  A PRIMARY KEY constraint failed (UNIQUE constraint failed: PersoaneOficiu.id)
Error DB org.sqlite.SQLiteException: [SQLITE_CONSTRAINT_PRIMARYKEY]  A PRIMARY KEY constraint failed (UNIQUE constraint failed: PersoaneOficiu.id)
20 Mar 2019 08:39:56,321 TRACE repository.PersoanaOficiuRepository 59 save - Exit
20 Mar 2019 08:39:56,321 TRACE repository.PersoanaOficiuRepository 101 findOne - Enter finding 'persoanaOficiu' with id user1 
20 Mar 2019 08:39:56,321 TRACE repository.JdbcUtils 59 getConnection - Enter
20 Mar 2019 08:39:56,321 TRACE repository.JdbcUtils 71 getConnection - Exit with(org.sqlite.SQLiteConnection@7a710739)
20 Mar 2019 08:39:56,321 TRACE repository.PersoanaOficiuRepository 111 findOne - Exit with(PersoanaOficiu{id='user1', password='1463ca'})
20 Mar 2019 08:39:56,321 TRACE repository.PersoanaOficiuRepository 64 delete - Enter deleting task with user1
20 Mar 2019 08:39:56,321 TRACE repository.JdbcUtils 59 getConnection - Enter
20 Mar 2019 08:39:56,321 TRACE repository.JdbcUtils 71 getConnection - Exit with(org.sqlite.SQLiteConnection@7a710739)
20 Mar 2019 08:39:56,493 TRACE repository.PersoanaOficiuRepository 74 delete - Exit
20 Mar 2019 08:39:56,493 TRACE repository.PersoanaOficiuRepository 64 delete - Enter deleting task with user2
20 Mar 2019 08:39:56,493 TRACE repository.JdbcUtils 59 getConnection - Enter
20 Mar 2019 08:39:56,493 TRACE repository.JdbcUtils 71 getConnection - Exit with(org.sqlite.SQLiteConnection@7a710739)
20 Mar 2019 08:39:56,618 TRACE repository.PersoanaOficiuRepository 74 delete - Exit
20 Mar 2019 08:39:56,618 INFO  repository.PersoanaOficiuRepository 22 <init> - Initializing PersoanaOficiuRepository with properties: {bdConfig.jdbc.url=jdbc:sqlite:D:\Adrian\4. FACULTATE - ANUL II (Sem II)\MPP\Projects\ConcursInot\ConcursInotTest.db, bdConfig.jdbc.driver=org.sqlite.JDBC} 
20 Mar 2019 08:39:56,618 TRACE repository.PersoanaOficiuRepository 47 save - Enter saving 'persoanaOficiu' PersoanaOficiu{id='user1', password='1463ca'} 
20 Mar 2019 08:39:56,618 TRACE repository.JdbcUtils 59 getConnection - Enter
20 Mar 2019 08:39:56,618 TRACE repository.JdbcUtils 25 getNewConnection - Enter
20 Mar 2019 08:39:56,618 INFO  repository.JdbcUtils 32 getNewConnection - trying to connect to database ... jdbc:sqlite:D:\Adrian\4. FACULTATE - ANUL II (Sem II)\MPP\Projects\ConcursInot\ConcursInotTest.db
20 Mar 2019 08:39:56,618 INFO  repository.JdbcUtils 33 getNewConnection - user: null
20 Mar 2019 08:39:56,618 INFO  repository.JdbcUtils 34 getNewConnection - pass: null
20 Mar 2019 08:39:56,618 INFO  repository.JdbcUtils 40 getNewConnection - Loaded driver ...org.sqlite.JDBC
20 Mar 2019 08:39:56,634 TRACE repository.JdbcUtils 71 getConnection - Exit with(org.sqlite.SQLiteConnection@4e776d1e)
20 Mar 2019 08:39:56,760 TRACE repository.PersoanaOficiuRepository 59 save - Exit
20 Mar 2019 08:39:56,760 TRACE repository.PersoanaOficiuRepository 47 save - Enter saving 'persoanaOficiu' PersoanaOficiu{id='user2', password='76323dsac'} 
20 Mar 2019 08:39:56,760 TRACE repository.JdbcUtils 59 getConnection - Enter
20 Mar 2019 08:39:56,760 TRACE repository.JdbcUtils 71 getConnection - Exit with(org.sqlite.SQLiteConnection@4e776d1e)
20 Mar 2019 08:39:56,901 TRACE repository.PersoanaOficiuRepository 59 save - Exit
20 Mar 2019 08:39:56,901 TRACE repository.PersoanaOficiuRepository 47 save - Enter saving 'persoanaOficiu' PersoanaOficiu{id='user3', password='14489cadsad'} 
20 Mar 2019 08:39:56,901 TRACE repository.JdbcUtils 59 getConnection - Enter
20 Mar 2019 08:39:56,901 TRACE repository.JdbcUtils 71 getConnection - Exit with(org.sqlite.SQLiteConnection@4e776d1e)
20 Mar 2019 08:39:56,901 ERROR repository.PersoanaOficiuRepository 56 save - org.sqlite.SQLiteException: [SQLITE_CONSTRAINT_PRIMARYKEY]  A PRIMARY KEY constraint failed (UNIQUE constraint failed: PersoaneOficiu.id)
Error DB org.sqlite.SQLiteException: [SQLITE_CONSTRAINT_PRIMARYKEY]  A PRIMARY KEY constraint failed (UNIQUE constraint failed: PersoaneOficiu.id)
20 Mar 2019 08:39:56,901 TRACE repository.PersoanaOficiuRepository 59 save - Exit
20 Mar 2019 08:39:56,901 TRACE repository.PersoanaOficiuRepository 80 update - Enter updating 'persoanaOficiu' with user1
20 Mar 2019 08:39:56,901 TRACE repository.JdbcUtils 59 getConnection - Enter
20 Mar 2019 08:39:56,901 TRACE repository.JdbcUtils 71 getConnection - Exit with(org.sqlite.SQLiteConnection@4e776d1e)
20 Mar 2019 08:39:57,026 TRACE repository.PersoanaOficiuRepository 94 update - Exit
20 Mar 2019 08:39:57,026 TRACE repository.PersoanaOficiuRepository 64 delete - Enter deleting task with user577
20 Mar 2019 08:39:57,026 TRACE repository.JdbcUtils 59 getConnection - Enter
20 Mar 2019 08:39:57,026 TRACE repository.JdbcUtils 71 getConnection - Exit with(org.sqlite.SQLiteConnection@4e776d1e)
20 Mar 2019 08:39:57,166 TRACE repository.PersoanaOficiuRepository 74 delete - Exit
20 Mar 2019 08:39:57,166 TRACE repository.PersoanaOficiuRepository 28 size - Enter
20 Mar 2019 08:39:57,166 TRACE repository.JdbcUtils 59 getConnection - Enter
20 Mar 2019 08:39:57,166 TRACE repository.JdbcUtils 71 getConnection - Exit with(org.sqlite.SQLiteConnection@4e776d1e)
20 Mar 2019 08:39:57,166 TRACE repository.PersoanaOficiuRepository 34 size - Exit with(2)
20 Mar 2019 08:39:57,166 TRACE repository.PersoanaOficiuRepository 64 delete - Enter deleting task with user1
20 Mar 2019 08:39:57,166 TRACE repository.JdbcUtils 59 getConnection - Enter
20 Mar 2019 08:39:57,166 TRACE repository.JdbcUtils 71 getConnection - Exit with(org.sqlite.SQLiteConnection@4e776d1e)
20 Mar 2019 08:39:57,166 TRACE repository.PersoanaOficiuRepository 74 delete - Exit
20 Mar 2019 08:39:57,166 TRACE repository.PersoanaOficiuRepository 64 delete - Enter deleting task with user2
20 Mar 2019 08:39:57,166 TRACE repository.JdbcUtils 59 getConnection - Enter
20 Mar 2019 08:39:57,166 TRACE repository.JdbcUtils 71 getConnection - Exit with(org.sqlite.SQLiteConnection@4e776d1e)
20 Mar 2019 08:39:57,292 TRACE repository.PersoanaOficiuRepository 74 delete - Exit
20 Mar 2019 08:39:57,307 INFO  repository.PersoanaOficiuRepository 22 <init> - Initializing PersoanaOficiuRepository with properties: {bdConfig.jdbc.url=jdbc:sqlite:D:\Adrian\4. FACULTATE - ANUL II (Sem II)\MPP\Projects\ConcursInot\ConcursInotTest.db, bdConfig.jdbc.driver=org.sqlite.JDBC} 
20 Mar 2019 08:39:57,307 TRACE repository.PersoanaOficiuRepository 47 save - Enter saving 'persoanaOficiu' PersoanaOficiu{id='user1', password='1463ca'} 
20 Mar 2019 08:39:57,307 TRACE repository.JdbcUtils 59 getConnection - Enter
20 Mar 2019 08:39:57,307 TRACE repository.JdbcUtils 25 getNewConnection - Enter
20 Mar 2019 08:39:57,307 INFO  repository.JdbcUtils 32 getNewConnection - trying to connect to database ... jdbc:sqlite:D:\Adrian\4. FACULTATE - ANUL II (Sem II)\MPP\Projects\ConcursInot\ConcursInotTest.db
20 Mar 2019 08:39:57,307 INFO  repository.JdbcUtils 33 getNewConnection - user: null
20 Mar 2019 08:39:57,307 INFO  repository.JdbcUtils 34 getNewConnection - pass: null
20 Mar 2019 08:39:57,307 INFO  repository.JdbcUtils 40 getNewConnection - Loaded driver ...org.sqlite.JDBC
20 Mar 2019 08:39:57,307 TRACE repository.JdbcUtils 71 getConnection - Exit with(org.sqlite.SQLiteConnection@2f808873)
20 Mar 2019 08:39:57,417 TRACE repository.PersoanaOficiuRepository 59 save - Exit
20 Mar 2019 08:39:57,417 TRACE repository.PersoanaOficiuRepository 47 save - Enter saving 'persoanaOficiu' PersoanaOficiu{id='user2', password='76323dsac'} 
20 Mar 2019 08:39:57,417 TRACE repository.JdbcUtils 59 getConnection - Enter
20 Mar 2019 08:39:57,417 TRACE repository.JdbcUtils 71 getConnection - Exit with(org.sqlite.SQLiteConnection@2f808873)
20 Mar 2019 08:39:57,557 TRACE repository.PersoanaOficiuRepository 59 save - Exit
20 Mar 2019 08:39:57,557 TRACE repository.PersoanaOficiuRepository 47 save - Enter saving 'persoanaOficiu' PersoanaOficiu{id='user3', password='14489cadsad'} 
20 Mar 2019 08:39:57,557 TRACE repository.JdbcUtils 59 getConnection - Enter
20 Mar 2019 08:39:57,557 TRACE repository.JdbcUtils 71 getConnection - Exit with(org.sqlite.SQLiteConnection@2f808873)
20 Mar 2019 08:39:57,557 ERROR repository.PersoanaOficiuRepository 56 save - org.sqlite.SQLiteException: [SQLITE_CONSTRAINT_PRIMARYKEY]  A PRIMARY KEY constraint failed (UNIQUE constraint failed: PersoaneOficiu.id)
Error DB org.sqlite.SQLiteException: [SQLITE_CONSTRAINT_PRIMARYKEY]  A PRIMARY KEY constraint failed (UNIQUE constraint failed: PersoaneOficiu.id)
20 Mar 2019 08:39:57,557 TRACE repository.PersoanaOficiuRepository 59 save - Exit
20 Mar 2019 08:39:57,557 TRACE repository.PersoanaOficiuRepository 47 save - Enter saving 'persoanaOficiu' PersoanaOficiu{id='user4', password='wsasafa'} 
20 Mar 2019 08:39:57,557 TRACE repository.JdbcUtils 59 getConnection - Enter
20 Mar 2019 08:39:57,557 TRACE repository.JdbcUtils 71 getConnection - Exit with(org.sqlite.SQLiteConnection@2f808873)
20 Mar 2019 08:39:57,695 TRACE repository.PersoanaOficiuRepository 59 save - Exit
20 Mar 2019 08:39:57,695 TRACE repository.PersoanaOficiuRepository 28 size - Enter
20 Mar 2019 08:39:57,695 TRACE repository.JdbcUtils 59 getConnection - Enter
20 Mar 2019 08:39:57,695 TRACE repository.JdbcUtils 71 getConnection - Exit with(org.sqlite.SQLiteConnection@2f808873)
20 Mar 2019 08:39:57,695 TRACE repository.PersoanaOficiuRepository 34 size - Exit with(4)
20 Mar 2019 08:39:57,695 TRACE repository.PersoanaOficiuRepository 64 delete - Enter deleting task with user4
20 Mar 2019 08:39:57,695 TRACE repository.JdbcUtils 59 getConnection - Enter
20 Mar 2019 08:39:57,695 TRACE repository.JdbcUtils 71 getConnection - Exit with(org.sqlite.SQLiteConnection@2f808873)
20 Mar 2019 08:39:57,820 TRACE repository.PersoanaOficiuRepository 74 delete - Exit
20 Mar 2019 08:39:57,835 TRACE repository.PersoanaOficiuRepository 28 size - Enter
20 Mar 2019 08:39:57,835 TRACE repository.JdbcUtils 59 getConnection - Enter
20 Mar 2019 08:39:57,835 TRACE repository.JdbcUtils 71 getConnection - Exit with(org.sqlite.SQLiteConnection@2f808873)
20 Mar 2019 08:39:57,835 TRACE repository.PersoanaOficiuRepository 34 size - Exit with(3)
20 Mar 2019 08:39:57,835 TRACE repository.PersoanaOficiuRepository 64 delete - Enter deleting task with user1
20 Mar 2019 08:39:57,835 TRACE repository.JdbcUtils 59 getConnection - Enter
20 Mar 2019 08:39:57,835 TRACE repository.JdbcUtils 71 getConnection - Exit with(org.sqlite.SQLiteConnection@2f808873)
20 Mar 2019 08:39:57,946 TRACE repository.PersoanaOficiuRepository 74 delete - Exit
20 Mar 2019 08:39:57,946 TRACE repository.PersoanaOficiuRepository 64 delete - Enter deleting task with user2
20 Mar 2019 08:39:57,946 TRACE repository.JdbcUtils 59 getConnection - Enter
20 Mar 2019 08:39:57,946 TRACE repository.JdbcUtils 71 getConnection - Exit with(org.sqlite.SQLiteConnection@2f808873)
20 Mar 2019 08:39:58,056 TRACE repository.PersoanaOficiuRepository 74 delete - Exit
20 Mar 2019 08:39:58,071 INFO  repository.PersoanaOficiuRepository 22 <init> - Initializing PersoanaOficiuRepository with properties: {bdConfig.jdbc.url=jdbc:sqlite:D:\Adrian\4. FACULTATE - ANUL II (Sem II)\MPP\Projects\ConcursInot\ConcursInotTest.db, bdConfig.jdbc.driver=org.sqlite.JDBC} 
20 Mar 2019 08:39:58,071 TRACE repository.PersoanaOficiuRepository 47 save - Enter saving 'persoanaOficiu' PersoanaOficiu{id='user1', password='1463ca'} 
20 Mar 2019 08:39:58,071 TRACE repository.JdbcUtils 59 getConnection - Enter
20 Mar 2019 08:39:58,071 TRACE repository.JdbcUtils 25 getNewConnection - Enter
20 Mar 2019 08:39:58,071 INFO  repository.JdbcUtils 32 getNewConnection - trying to connect to database ... jdbc:sqlite:D:\Adrian\4. FACULTATE - ANUL II (Sem II)\MPP\Projects\ConcursInot\ConcursInotTest.db
20 Mar 2019 08:39:58,071 INFO  repository.JdbcUtils 33 getNewConnection - user: null
20 Mar 2019 08:39:58,071 INFO  repository.JdbcUtils 34 getNewConnection - pass: null
20 Mar 2019 08:39:58,071 INFO  repository.JdbcUtils 40 getNewConnection - Loaded driver ...org.sqlite.JDBC
20 Mar 2019 08:39:58,090 TRACE repository.JdbcUtils 71 getConnection - Exit with(org.sqlite.SQLiteConnection@5bb45091)
20 Mar 2019 08:39:58,230 TRACE repository.PersoanaOficiuRepository 59 save - Exit
20 Mar 2019 08:39:58,230 TRACE repository.PersoanaOficiuRepository 47 save - Enter saving 'persoanaOficiu' PersoanaOficiu{id='user2', password='76323dsac'} 
20 Mar 2019 08:39:58,230 TRACE repository.JdbcUtils 59 getConnection - Enter
20 Mar 2019 08:39:58,230 TRACE repository.JdbcUtils 71 getConnection - Exit with(org.sqlite.SQLiteConnection@5bb45091)
20 Mar 2019 08:39:58,357 TRACE repository.PersoanaOficiuRepository 59 save - Exit
20 Mar 2019 08:39:58,357 TRACE repository.PersoanaOficiuRepository 47 save - Enter saving 'persoanaOficiu' PersoanaOficiu{id='user3', password='14489cadsad'} 
20 Mar 2019 08:39:58,357 TRACE repository.JdbcUtils 59 getConnection - Enter
20 Mar 2019 08:39:58,357 TRACE repository.JdbcUtils 71 getConnection - Exit with(org.sqlite.SQLiteConnection@5bb45091)
20 Mar 2019 08:39:58,357 ERROR repository.PersoanaOficiuRepository 56 save - org.sqlite.SQLiteException: [SQLITE_CONSTRAINT_PRIMARYKEY]  A PRIMARY KEY constraint failed (UNIQUE constraint failed: PersoaneOficiu.id)
Error DB org.sqlite.SQLiteException: [SQLITE_CONSTRAINT_PRIMARYKEY]  A PRIMARY KEY constraint failed (UNIQUE constraint failed: PersoaneOficiu.id)
20 Mar 2019 08:39:58,357 TRACE repository.PersoanaOficiuRepository 59 save - Exit
20 Mar 2019 08:39:58,357 TRACE repository.PersoanaOficiuRepository 28 size - Enter
20 Mar 2019 08:39:58,357 TRACE repository.JdbcUtils 59 getConnection - Enter
20 Mar 2019 08:39:58,357 TRACE repository.JdbcUtils 71 getConnection - Exit with(org.sqlite.SQLiteConnection@5bb45091)
20 Mar 2019 08:39:58,357 TRACE repository.PersoanaOficiuRepository 34 size - Exit with(3)
20 Mar 2019 08:39:58,357 TRACE repository.PersoanaOficiuRepository 64 delete - Enter deleting task with user1
20 Mar 2019 08:39:58,357 TRACE repository.JdbcUtils 59 getConnection - Enter
20 Mar 2019 08:39:58,357 TRACE repository.JdbcUtils 71 getConnection - Exit with(org.sqlite.SQLiteConnection@5bb45091)
20 Mar 2019 08:39:58,482 TRACE repository.PersoanaOficiuRepository 74 delete - Exit
20 Mar 2019 08:39:58,482 TRACE repository.PersoanaOficiuRepository 64 delete - Enter deleting task with user2
20 Mar 2019 08:39:58,482 TRACE repository.JdbcUtils 59 getConnection - Enter
20 Mar 2019 08:39:58,482 TRACE repository.JdbcUtils 71 getConnection - Exit with(org.sqlite.SQLiteConnection@5bb45091)
20 Mar 2019 08:39:58,622 TRACE repository.PersoanaOficiuRepository 74 delete - Exit
]]></system-out>
  <system-err><![CDATA[]]></system-err>
</testsuite>
